
Started by user Rimun Feidangai 
Rebuilds build #37
 > git rev-parse --resolve-git-dir /var/lib/jenkins/caches/git-947227fbff0d87e776a0cfd2a8ffb586/.git # timeout=10
Setting origin to https://github.com/1EdTech/ims-inspector
 > git config remote.origin.url https://github.com/1EdTech/ims-inspector # timeout=10
Fetching origin...
Fetching upstream changes from origin
 > git --version # timeout=10
 > git --version # 'git version 2.25.1'
 > git config --get remote.origin.url # timeout=10
using GIT_ASKPASS to set credentials 
 > git fetch --tags --force --progress -- origin +refs/heads/*:refs/remotes/origin/* # timeout=10
Seen branch in repository origin/54-support-multiplatform-docker-build
Seen branch in repository origin/73-the-url-check-in-issuerprobejava-may-be-too-strict
Seen branch in repository origin/74-httpspurlimsglobalorgspecobv3p0context-301json-does-not-pass-contextpropertyprobe
Seen branch in repository origin/branding-restyle
Seen branch in repository origin/caliper12
Seen branch in repository origin/cc_14_fixes
Seen branch in repository origin/certificationEmail
Seen branch in repository origin/credential-type-mods
Seen branch in repository origin/dec22-release
Seen branch in repository origin/derived-report-item
Seen branch in repository origin/develop
Seen branch in repository origin/feature/clr20
Seen branch in repository origin/feature/ob30-remaining-validations
Seen branch in repository origin/feature/open-badges-20
Seen branch in repository origin/feature/upload_uri_in_api
Seen branch in repository origin/feature/vcdm_v2p0
Seen branch in repository origin/fix-authorization-parameter
Seen branch in repository origin/hotfix/clr20
Seen branch in repository origin/main
Seen branch in repository origin/schemalocation
Seen branch in repository origin/sendgrid-replace
Seen branch in repository origin/simplify
Seen branch in repository origin/smtp_experimentation
Seen branch in repository origin/uri-upload
Seen branch in repository origin/vc-add-clr
Seen branch in repository origin/vc-ob-clr
Seen branch in repository origin/xaracil-testing
Seen 27 remote branches
Obtained Jenkinsfile from 8ad8658c75a48da91ff45e8b497eb9e78c854edb
[Pipeline] Start of Pipeline
[Pipeline] node
Running on Jenkins in /var/lib/jenkins/workspace/multi-membervalidator3_main
[Pipeline] {
[Pipeline] stage
[Pipeline] { (Declarative: Checkout SCM)
[Pipeline] checkout
The recommended git tool is: git
using credential Jenkins
 > git rev-parse --resolve-git-dir /var/lib/jenkins/workspace/multi-membervalidator3_main/.git # timeout=10
Fetching changes from the remote Git repository
 > git config remote.origin.url https://github.com/1EdTech/ims-inspector # timeout=10
Fetching without tags
Fetching upstream changes from https://github.com/1EdTech/ims-inspector
 > git --version # timeout=10
 > git --version # 'git version 2.25.1'
using GIT_ASKPASS to set credentials 
 > git fetch --no-tags --force --progress -- https://github.com/1EdTech/ims-inspector +refs/heads/*:refs/remotes/origin/* # timeout=10
Checking out Revision 8ad8658c75a48da91ff45e8b497eb9e78c854edb (main)
 > git config core.sparsecheckout # timeout=10
 > git checkout -f 8ad8658c75a48da91ff45e8b497eb9e78c854edb # timeout=10
Commit message: "Merge pull request #107 from 1EdTech/develop"
 > git rev-list --no-walk 8ad8658c75a48da91ff45e8b497eb9e78c854edb # timeout=10
[Pipeline] }
[Pipeline] // stage
[Pipeline] withEnv
[Pipeline] {
[Pipeline] stage
[Pipeline] { (Declarative: Tool Install)
[Pipeline] tool
[Pipeline] envVarsForTool
[Pipeline] }
[Pipeline] // stage
[Pipeline] withEnv
[Pipeline] {
[Pipeline] stage
[Pipeline] { (Main Branch)
[Pipeline] tool
[Pipeline] envVarsForTool
[Pipeline] withEnv
[Pipeline] {
[Pipeline] sh
+ rm -rf /var/lib/jenkins/workspace/multi-membervalidator3_main/Jenkinsfile /var/lib/jenkins/workspace/multi-membervalidator3_main/Jenkinsfile_bk /var/lib/jenkins/workspace/multi-membervalidator3_main/README.md /var/lib/jenkins/workspace/multi-membervalidator3_main/ims-inspector /var/lib/jenkins/workspace/multi-membervalidator3_main/inspector-afa /var/lib/jenkins/workspace/multi-membervalidator3_main/inspector-apip /var/lib/jenkins/workspace/multi-membervalidator3_main/inspector-caliper /var/lib/jenkins/workspace/multi-membervalidator3_main/inspector-cc /var/lib/jenkins/workspace/multi-membervalidator3_main/inspector-cli /var/lib/jenkins/workspace/multi-membervalidator3_main/inspector-clr /var/lib/jenkins/workspace/multi-membervalidator3_main/inspector-or /var/lib/jenkins/workspace/multi-membervalidator3_main/inspector-ov /var/lib/jenkins/workspace/multi-membervalidator3_main/inspector-qti /var/lib/jenkins/workspace/multi-membervalidator3_main/inspector-web /var/lib/jenkins/workspace/multi-membervalidator3_main/killing.sh /var/lib/jenkins/workspace/multi-membervalidator3_main/pom.xml
[Pipeline] checkout
The recommended git tool is: git
using credential Jenkins
 > git rev-parse --resolve-git-dir /var/lib/jenkins/workspace/multi-membervalidator3_main/.git # timeout=10
Fetching changes from the remote Git repository
 > git config remote.origin.url https://github.com/1EdTech/ims-inspector # timeout=10
Fetching without tags
Fetching upstream changes from https://github.com/1EdTech/ims-inspector
 > git --version # timeout=10
 > git --version # 'git version 2.25.1'
using GIT_ASKPASS to set credentials 
 > git fetch --no-tags --force --progress -- https://github.com/1EdTech/ims-inspector +refs/heads/*:refs/remotes/origin/* # timeout=10
Checking out Revision 8ad8658c75a48da91ff45e8b497eb9e78c854edb (main)
 > git config core.sparsecheckout # timeout=10
 > git checkout -f 8ad8658c75a48da91ff45e8b497eb9e78c854edb # timeout=10
Commit message: "Merge pull request #107 from 1EdTech/develop"
[Pipeline] sh
+ lsof -i:8081 -t
+ sudo kill -9

Usage:
 kill [options] <pid> [...]

Options:
 <pid> [...]            send signal to every <pid> listed
 -<signal>, -s, --signal <signal>
                        specify the <signal> to be sent
 -l, --list=[<signal>]  list all signal names, or convert one to a name
 -L, --table            list all signal names in a nice table

 -h, --help     display this help and exit
 -V, --version  output version information and exit

For more details see kill(1).
+ true
[Pipeline] sh
+ cd /var/lib/jenkins/workspace/multi-membervalidator3_main
[Pipeline] sh
+ mvn test -U
WARNING: An illegal reflective access operation has occurred
WARNING: Illegal reflective access by com.google.inject.internal.cglib.core.$ReflectUtils$1 (file:/usr/share/maven/lib/guice.jar) to method java.lang.ClassLoader.defineClass(java.lang.String,byte[],int,int,java.security.ProtectionDomain)
WARNING: Please consider reporting this to the maintainers of com.google.inject.internal.cglib.core.$ReflectUtils$1
WARNING: Use --illegal-access=warn to enable warnings of further illegal reflective access operations
WARNING: All illegal access operations will be denied in a future release
[[1;34mINFO[m] Scanning for projects...
[[1;34mINFO[m] [1m------------------------------------------------------------------------[m
[[1;34mINFO[m] [1mReactor Build Order:[m
[[1;34mINFO[m] 
[[1;34mINFO[m] inspector                                                          [pom]
[[1;34mINFO[m] inspector-qti                                                      [jar]
[[1;34mINFO[m] inspector-or                                                       [jar]
[[1;34mINFO[m] inspector-cc                                                       [jar]
[[1;34mINFO[m] inspector-ov                                                       [jar]
[[1;34mINFO[m] inspector-apip                                                     [jar]
[[1;34mINFO[m] inspector-afa                                                      [jar]
[[1;34mINFO[m] inspector-caliper                                                  [jar]
[[1;34mINFO[m] inspector-clr                                                      [jar]
[[1;34mINFO[m] inspector-web                                                      [jar]
[[1;34mINFO[m] 
[[1;34mINFO[m] [1m-----------------------< [0;36morg.1edtech:inspector[0;1m >------------------------[m
[[1;34mINFO[m] [1mBuilding inspector 1.0.5                                          [1/10][m
[[1;34mINFO[m] [1m--------------------------------[ pom ]---------------------------------[m
[[1;34mINFO[m] 
[[1;34mINFO[m] [1m--- [0;32mflatten-maven-plugin:1.2.7:flatten[m [1m(flatten)[m @ [36minspector[0;1m ---[m
[[1;34mINFO[m] Generating flattened POM of project org.1edtech:inspector:pom:1.0.5...
[[1;34mINFO[m] 
[[1;34mINFO[m] [1m---------------------< [0;36morg.1edtech:inspector-qti[0;1m >----------------------[m
[[1;34mINFO[m] [1mBuilding inspector-qti 1.0.5                                      [2/10][m
[[1;34mINFO[m] [1m--------------------------------[ jar ]---------------------------------[m
[[1;34mINFO[m] 
[[1;34mINFO[m] [1m--- [0;32mmaven-resources-plugin:2.6:resources[m [1m(default-resources)[m @ [36minspector-qti[0;1m ---[m
[[1;34mINFO[m] Using 'UTF-8' encoding to copy filtered resources.
[[1;34mINFO[m] Copying 1 resource
[[1;34mINFO[m] 
[[1;34mINFO[m] [1m--- [0;32mflatten-maven-plugin:1.2.7:flatten[m [1m(flatten)[m @ [36minspector-qti[0;1m ---[m
[[1;34mINFO[m] Generating flattened POM of project org.1edtech:inspector-qti:jar:1.0.5...
[[1;34mINFO[m] 
[[1;34mINFO[m] [1m--- [0;32mmaven-compiler-plugin:3.8.1:compile[m [1m(default-compile)[m @ [36minspector-qti[0;1m ---[m
[[1;34mINFO[m] Changes detected - recompiling the module!
[[1;34mINFO[m] Compiling 19 source files to /var/lib/jenkins/workspace/multi-membervalidator3_main/inspector-qti/target/classes
[[1;34mINFO[m] /var/lib/jenkins/workspace/multi-membervalidator3_main/inspector-qti/src/main/java/org/oneedtech/inspect/qti/Qti21UsageDataInspector.java: Some input files use unchecked or unsafe operations.
[[1;34mINFO[m] /var/lib/jenkins/workspace/multi-membervalidator3_main/inspector-qti/src/main/java/org/oneedtech/inspect/qti/Qti21UsageDataInspector.java: Recompile with -Xlint:unchecked for details.
[[1;34mINFO[m] 
[[1;34mINFO[m] [1m--- [0;32mmaven-resources-plugin:2.6:testResources[m [1m(default-testResources)[m @ [36minspector-qti[0;1m ---[m
[[1;34mINFO[m] Using 'UTF-8' encoding to copy filtered resources.
[[1;34mINFO[m] Copying 2075 resources
[[1;34mINFO[m] 
[[1;34mINFO[m] [1m--- [0;32mmaven-compiler-plugin:3.8.1:testCompile[m [1m(default-testCompile)[m @ [36minspector-qti[0;1m ---[m
[[1;34mINFO[m] Changes detected - recompiling the module!
[[1;34mINFO[m] Compiling 20 source files to /var/lib/jenkins/workspace/multi-membervalidator3_main/inspector-qti/target/test-classes
[[1;34mINFO[m] 
[[1;34mINFO[m] [1m--- [0;32mmaven-surefire-plugin:3.0.0-M5:test[m [1m(default-test)[m @ [36minspector-qti[0;1m ---[m
[[1;34mINFO[m] 
[[1;34mINFO[m] -------------------------------------------------------
[[1;34mINFO[m]  T E S T S
[[1;34mINFO[m] -------------------------------------------------------
[[1;34mINFO[m] Running org.oneedtech.inspect.qti.[1mQti21UsageDataTests[m
[[1;34mINFO[m] [1;32mTests run: [0;1;32m1[m, Failures: 0, Errors: 0, Skipped: 0, Time elapsed: 0.781 s - in org.oneedtech.inspect.qti.[1mQti21UsageDataTests[m
[[1;34mINFO[m] Running org.oneedtech.inspect.qti.[1mQti22MetadataTests[m
[[1;34mINFO[m] [1;32mTests run: [0;1;32m1[m, Failures: 0, Errors: 0, Skipped: 0, Time elapsed: 0.069 s - in org.oneedtech.inspect.qti.[1mQti22MetadataTests[m
[[1;34mINFO[m] Running org.oneedtech.inspect.qti.[1mQti22ResultsReportingTests[m
[[1;34mINFO[m] [1;32mTests run: [0;1;32m1[m, Failures: 0, Errors: 0, Skipped: 0, Time elapsed: 0.041 s - in org.oneedtech.inspect.qti.[1mQti22ResultsReportingTests[m
[[1;34mINFO[m] Running org.oneedtech.inspect.qti.[1mQti30ResultsReportingTests[m
[[1;34mINFO[m] [1;32mTests run: [0;1;32m6[m, Failures: 0, Errors: 0, Skipped: 0, Time elapsed: 0.114 s - in org.oneedtech.inspect.qti.[1mQti30ResultsReportingTests[m
[[1;34mINFO[m] Running org.oneedtech.inspect.qti.[1mQti30SectionProfileTests[m
[[1;34mINFO[m] [1;32mTests run: [0;1;32m1[m, Failures: 0, Errors: 0, Skipped: 0, Time elapsed: 11.625 s - in org.oneedtech.inspect.qti.[1mQti30SectionProfileTests[m
[[1;34mINFO[m] Running org.oneedtech.inspect.qti.[1mQti30OutcomeDeclarationTests[m
[[1;34mINFO[m] [1;32mTests run: [0;1;32m1[m, Failures: 0, Errors: 0, Skipped: 0, Time elapsed: 0.205 s - in org.oneedtech.inspect.qti.[1mQti30OutcomeDeclarationTests[m
[[1;34mINFO[m] Running org.oneedtech.inspect.qti.[1mQti30MetadataTests[m
[[1;34mINFO[m] [1;32mTests run: [0;1;32m1[m, Failures: 0, Errors: 0, Skipped: 0, Time elapsed: 0.015 s - in org.oneedtech.inspect.qti.[1mQti30MetadataTests[m
[[1;34mINFO[m] Running org.oneedtech.inspect.qti.[1mQti30StimulusProfileTests[m
[[1;34mINFO[m] [1;32mTests run: [0;1;32m1[m, Failures: 0, Errors: 0, Skipped: 0, Time elapsed: 9.163 s - in org.oneedtech.inspect.qti.[1mQti30StimulusProfileTests[m
[[1;34mINFO[m] Running org.oneedtech.inspect.qti.[1mQti21ResultsReportingTests[m
[[1;34mINFO[m] [1;32mTests run: [0;1;32m1[m, Failures: 0, Errors: 0, Skipped: 0, Time elapsed: 0.013 s - in org.oneedtech.inspect.qti.[1mQti21ResultsReportingTests[m
[[1;34mINFO[m] Running org.oneedtech.inspect.qti.[1mQti22UsageDataTests[m
[[1;34mINFO[m] [1;32mTests run: [0;1;32m1[m, Failures: 0, Errors: 0, Skipped: 0, Time elapsed: 0.01 s - in org.oneedtech.inspect.qti.[1mQti22UsageDataTests[m
[[1;34mINFO[m] Running org.oneedtech.inspect.qti.[1mQti21Tests[m
[[1;34mINFO[m] [1;32mTests run: [0;1;32m1[m, Failures: 0, Errors: 0, Skipped: 0, Time elapsed: 0.837 s - in org.oneedtech.inspect.qti.[1mQti21Tests[m
[[1;34mINFO[m] Running org.oneedtech.inspect.qti.[1mQti30ResonseProcessingTests[m
[[1;34mINFO[m] [1;32mTests run: [0;1;32m1[m, Failures: 0, Errors: 0, Skipped: 0, Time elapsed: 0.103 s - in org.oneedtech.inspect.qti.[1mQti30ResonseProcessingTests[m
[[1;34mINFO[m] Running org.oneedtech.inspect.qti.[1mQti30SbacTests[m
[[1;33mWARNING[m] [1;33mTests [0;1mrun: [0;1m5[m, Failures: 0, Errors: 0, [1;33mSkipped: [0;1;33m2[m, Time elapsed: 0.027 s - in org.oneedtech.inspect.qti.[1mQti30SbacTests[m
[[1;34mINFO[m] Running org.oneedtech.inspect.qti.[1mQti30ItemProfileTests[m
[[1;34mINFO[m] [1;32mTests run: [0;1;32m1[m, Failures: 0, Errors: 0, Skipped: 0, Time elapsed: 14.501 s - in org.oneedtech.inspect.qti.[1mQti30ItemProfileTests[m
[[1;34mINFO[m] Running org.oneedtech.inspect.qti.[1mQti30TestProfileTests[m
[[1;34mINFO[m] [1;32mTests run: [0;1;32m1[m, Failures: 0, Errors: 0, Skipped: 0, Time elapsed: 8.737 s - in org.oneedtech.inspect.qti.[1mQti30TestProfileTests[m
[[1;34mINFO[m] Running org.oneedtech.inspect.qti.[1mQti30UsageDataTests[m
[[1;34mINFO[m] [1;32mTests run: [0;1;32m2[m, Failures: 0, Errors: 0, Skipped: 0, Time elapsed: 0.017 s - in org.oneedtech.inspect.qti.[1mQti30UsageDataTests[m
[[1;34mINFO[m] Running org.oneedtech.inspect.qti.[1mQti22Tests[m
[[1;34mINFO[m] [1;32mTests run: [0;1;32m22[m, Failures: 0, Errors: 0, Skipped: 0, Time elapsed: 2.984 s - in org.oneedtech.inspect.qti.[1mQti22Tests[m
[[1;34mINFO[m] Running org.oneedtech.inspect.qti.[1mQti21MetadataTests[m
[[1;34mINFO[m] [1;32mTests run: [0;1;32m1[m, Failures: 0, Errors: 0, Skipped: 0, Time elapsed: 0.008 s - in org.oneedtech.inspect.qti.[1mQti21MetadataTests[m
[[1;34mINFO[m] Running org.oneedtech.inspect.qti.[1mQti30Tests[m
[[1;33mWARNING[m] [1;33mTests [0;1mrun: [0;1m37[m, Failures: 0, Errors: 0, [1;33mSkipped: [0;1;33m2[m, Time elapsed: 23.294 s - in org.oneedtech.inspect.qti.[1mQti30Tests[m
[[1;34mINFO[m] 
[[1;34mINFO[m] Results:
[[1;34mINFO[m] 
[[1;33mWARNING[m] [1;33mTests run: 86, Failures: 0, Errors: 0, Skipped: 4[m
[[1;34mINFO[m] 
[[1;34mINFO[m] 
[[1;34mINFO[m] [1m----------------------< [0;36morg.1edtech:inspector-or[0;1m >----------------------[m
[[1;34mINFO[m] [1mBuilding inspector-or 1.0.5                                       [3/10][m
[[1;34mINFO[m] [1m--------------------------------[ jar ]---------------------------------[m
[[1;34mINFO[m] 
[[1;34mINFO[m] [1m--- [0;32mmaven-resources-plugin:2.6:resources[m [1m(default-resources)[m @ [36minspector-or[0;1m ---[m
[[1;34mINFO[m] Using 'UTF-8' encoding to copy filtered resources.
[[1;34mINFO[m] Copying 1 resource
[[1;34mINFO[m] 
[[1;34mINFO[m] [1m--- [0;32mflatten-maven-plugin:1.2.7:flatten[m [1m(flatten)[m @ [36minspector-or[0;1m ---[m
[[1;34mINFO[m] Generating flattened POM of project org.1edtech:inspector-or:jar:1.0.5...
[[1;34mINFO[m] 
[[1;34mINFO[m] [1m--- [0;32mmaven-compiler-plugin:3.8.1:compile[m [1m(default-compile)[m @ [36minspector-or[0;1m ---[m
[[1;34mINFO[m] Changes detected - recompiling the module!
[[1;34mINFO[m] Compiling 1 source file to /var/lib/jenkins/workspace/multi-membervalidator3_main/inspector-or/target/classes
[[1;34mINFO[m] /var/lib/jenkins/workspace/multi-membervalidator3_main/inspector-or/src/main/java/org/oneedtech/inspect/or/OneRoster11Inspector.java: /var/lib/jenkins/workspace/multi-membervalidator3_main/inspector-or/src/main/java/org/oneedtech/inspect/or/OneRoster11Inspector.java uses unchecked or unsafe operations.
[[1;34mINFO[m] /var/lib/jenkins/workspace/multi-membervalidator3_main/inspector-or/src/main/java/org/oneedtech/inspect/or/OneRoster11Inspector.java: Recompile with -Xlint:unchecked for details.
[[1;34mINFO[m] 
[[1;34mINFO[m] [1m--- [0;32mmaven-resources-plugin:2.6:testResources[m [1m(default-testResources)[m @ [36minspector-or[0;1m ---[m
[[1;34mINFO[m] Using 'UTF-8' encoding to copy filtered resources.
[[1;34mINFO[m] Copying 14 resources
[[1;34mINFO[m] 
[[1;34mINFO[m] [1m--- [0;32mmaven-compiler-plugin:3.8.1:testCompile[m [1m(default-testCompile)[m @ [36minspector-or[0;1m ---[m
[[1;34mINFO[m] Changes detected - recompiling the module!
[[1;34mINFO[m] Compiling 2 source files to /var/lib/jenkins/workspace/multi-membervalidator3_main/inspector-or/target/test-classes
[[1;34mINFO[m] 
[[1;34mINFO[m] [1m--- [0;32mmaven-surefire-plugin:3.0.0-M5:test[m [1m(default-test)[m @ [36minspector-or[0;1m ---[m
[[1;34mINFO[m] 
[[1;34mINFO[m] -------------------------------------------------------
[[1;34mINFO[m]  T E S T S
[[1;34mINFO[m] -------------------------------------------------------
[[1;34mINFO[m] Running org.oneedtech.inspect.or.[1mOneRoster11Tests[m
SLF4J: No SLF4J providers were found.
SLF4J: Defaulting to no-operation (NOP) logger implementation
SLF4J: See https://www.slf4j.org/codes.html#noProviders for further details.
SLF4J: Class path contains SLF4J bindings targeting slf4j-api versions 1.7.x or earlier.
SLF4J: Ignoring binding found at [jar:file:/var/lib/jenkins/.m2/repository/org/apache/logging/log4j/log4j-slf4j-impl/2.17.2/log4j-slf4j-impl-2.17.2.jar!/org/slf4j/impl/StaticLoggerBinder.class]
SLF4J: See https://www.slf4j.org/codes.html#ignoredBindings for an explanation.
Report{id=6b1dbff1-f344-49ce-9021-0ae526bba32d, generated=2024-11-19T21:25:20, generator=OneRoster11Inspector->JsonInspector, input=Input{name=myID, type=UNKNOWN}, summary=Summary{outcome=ERROR, fatals=0, errors=1, warnings=2, exceptions=0, notRun=0, totalRun=6}}
ReportItems: 6	 outcome: ERROR
	VALID: {myID} [JsonPropertyPresentProbe|$.academicSessions[*]|status]
	WARNING: Think again about including foo{myID[path]} [JsonPropertyPresentProbe|$.academicSessions[*]|foo]
	ERROR: The status field does not have expected value 'foo'{myID[path]} [JsonPropertyPredicateProbe|$.academicSessions[*].status]
	WARNING: The type field should have either of the values 'foo' or 'bar'{myID[path]} [JsonPropertyPredicateProbe|$.academicSessions[*].type]
	VALID: {myID} [MyCustomTestID]
	VALID: {myID} [JsonSchemaProbe|getAllAcademicSessions-200-responsepayload-schema.json]
[[1;33mWARNING[m] [1;33mTests [0;1mrun: [0;1m10[m, Failures: 0, Errors: 0, [1;33mSkipped: [0;1;33m1[m, Time elapsed: 4.587 s - in org.oneedtech.inspect.or.[1mOneRoster11Tests[m
[[1;34mINFO[m] 
[[1;34mINFO[m] Results:
[[1;34mINFO[m] 
[[1;33mWARNING[m] [1;33mTests run: 10, Failures: 0, Errors: 0, Skipped: 1[m
[[1;34mINFO[m] 
[[1;34mINFO[m] 
[[1;34mINFO[m] [1m----------------------< [0;36morg.1edtech:inspector-cc[0;1m >----------------------[m
[[1;34mINFO[m] [1mBuilding inspector-cc 1.0.5                                       [4/10][m
[[1;34mINFO[m] [1m--------------------------------[ jar ]---------------------------------[m
[[1;34mINFO[m] 
[[1;34mINFO[m] [1m--- [0;32mmaven-resources-plugin:2.6:resources[m [1m(default-resources)[m @ [36minspector-cc[0;1m ---[m
[[1;34mINFO[m] Using 'UTF-8' encoding to copy filtered resources.
[[1;34mINFO[m] skip non existing resourceDirectory /var/lib/jenkins/workspace/multi-membervalidator3_main/inspector-cc/src/main/resources
[[1;34mINFO[m] 
[[1;34mINFO[m] [1m--- [0;32mflatten-maven-plugin:1.2.7:flatten[m [1m(flatten)[m @ [36minspector-cc[0;1m ---[m
[[1;34mINFO[m] Generating flattened POM of project org.1edtech:inspector-cc:jar:1.0.5...
[[1;34mINFO[m] 
[[1;34mINFO[m] [1m--- [0;32mmaven-compiler-plugin:3.8.1:compile[m [1m(default-compile)[m @ [36minspector-cc[0;1m ---[m
[[1;34mINFO[m] Changes detected - recompiling the module!
[[1;34mINFO[m] Compiling 9 source files to /var/lib/jenkins/workspace/multi-membervalidator3_main/inspector-cc/target/classes
[[1;34mINFO[m] /var/lib/jenkins/workspace/multi-membervalidator3_main/inspector-cc/src/main/java/org/oneedtech/inspect/cc/TCC13Inspector.java: Some input files use unchecked or unsafe operations.
[[1;34mINFO[m] /var/lib/jenkins/workspace/multi-membervalidator3_main/inspector-cc/src/main/java/org/oneedtech/inspect/cc/TCC13Inspector.java: Recompile with -Xlint:unchecked for details.
[[1;34mINFO[m] 
[[1;34mINFO[m] [1m--- [0;32mmaven-resources-plugin:2.6:testResources[m [1m(default-testResources)[m @ [36minspector-cc[0;1m ---[m
[[1;34mINFO[m] Using 'UTF-8' encoding to copy filtered resources.
[[1;34mINFO[m] Copying 565 resources
[[1;34mINFO[m] 
[[1;34mINFO[m] [1m--- [0;32mmaven-compiler-plugin:3.8.1:testCompile[m [1m(default-testCompile)[m @ [36minspector-cc[0;1m ---[m
[[1;34mINFO[m] Changes detected - recompiling the module!
[[1;34mINFO[m] Compiling 10 source files to /var/lib/jenkins/workspace/multi-membervalidator3_main/inspector-cc/target/test-classes
[[1;34mINFO[m] 
[[1;34mINFO[m] [1m--- [0;32mmaven-surefire-plugin:3.0.0-M5:test[m [1m(default-test)[m @ [36minspector-cc[0;1m ---[m
[[1;34mINFO[m] 
[[1;34mINFO[m] -------------------------------------------------------
[[1;34mINFO[m]  T E S T S
[[1;34mINFO[m] -------------------------------------------------------
[[1;34mINFO[m] Running org.oneedtech.inspect.cc.[1mTCC13Tests[m
[[1;34mINFO[m] [1;32mTests run: [0;1;32m22[m, Failures: 0, Errors: 0, Skipped: 0, Time elapsed: 6.14 s - in org.oneedtech.inspect.cc.[1mTCC13Tests[m
[[1;34mINFO[m] Running org.oneedtech.inspect.cc.[1mCC14k12Tests[m
[[1;34mINFO[m] [1;32mTests run: [0;1;32m3[m, Failures: 0, Errors: 0, Skipped: 0, Time elapsed: 0.407 s - in org.oneedtech.inspect.cc.[1mCC14k12Tests[m
[[1;34mINFO[m] Running org.oneedtech.inspect.cc.[1mCC12Tests[m
[[1;34mINFO[m] [1;32mTests run: [0;1;32m21[m, Failures: 0, Errors: 0, Skipped: 0, Time elapsed: 8.039 s - in org.oneedtech.inspect.cc.[1mCC12Tests[m
[[1;34mINFO[m] Running org.oneedtech.inspect.cc.[1mTCC14k12Tests[m
[[1;34mINFO[m] [1;32mTests run: [0;1;32m6[m, Failures: 0, Errors: 0, Skipped: 0, Time elapsed: 0.309 s - in org.oneedtech.inspect.cc.[1mTCC14k12Tests[m
[[1;34mINFO[m] Running org.oneedtech.inspect.cc.[1mTCC14Tests[m
[[1;34mINFO[m] [1;32mTests run: [0;1;32m6[m, Failures: 0, Errors: 0, Skipped: 0, Time elapsed: 0.193 s - in org.oneedtech.inspect.cc.[1mTCC14Tests[m
[[1;34mINFO[m] Running org.oneedtech.inspect.cc.[1mCC11Tests[m
[[1;33mWARNING[m] [1;33mTests [0;1mrun: [0;1m17[m, Failures: 0, Errors: 0, [1;33mSkipped: [0;1;33m1[m, Time elapsed: 0.496 s - in org.oneedtech.inspect.cc.[1mCC11Tests[m
[[1;34mINFO[m] Running org.oneedtech.inspect.cc.[1mCC13Tests[m
21:25:53.026 [pool-106-thread-3] ERROR org.oneedtech.inspect.schema.Resolver - No catalog match for systemId https://canvas.instructure.com/xsd/cccv1p0.xsd
21:25:53.025 [pool-106-thread-2] ERROR org.oneedtech.inspect.schema.Resolver - No catalog match for systemId http://www.imsglobal.org/xsd/lti/ltiv1p0/imslticc_v1p0.xsd
21:25:53.025 [pool-106-thread-1] ERROR org.oneedtech.inspect.schema.Resolver - No catalog match for systemId https://canvas.instructure.com/xsd/cccv1p0.xsd
21:25:53.026 [pool-106-thread-4] ERROR org.oneedtech.inspect.schema.Resolver - No catalog match for systemId https://canvas.instructure.com/xsd/cccv1p0.xsd
21:25:53.112 [pool-106-thread-2] ERROR org.oneedtech.inspect.schema.Resolver - No catalog match for systemId https://canvas.instructure.com/xsd/cccv1p0.xsd
[[1;34mINFO[m] [1;32mTests run: [0;1;32m32[m, Failures: 0, Errors: 0, Skipped: 0, Time elapsed: 12.056 s - in org.oneedtech.inspect.cc.[1mCC13Tests[m
[[1;34mINFO[m] Running org.oneedtech.inspect.cc.[1mCC14Tests[m
[[1;34mINFO[m] [1;32mTests run: [0;1;32m20[m, Failures: 0, Errors: 0, Skipped: 0, Time elapsed: 0.431 s - in org.oneedtech.inspect.cc.[1mCC14Tests[m
[[1;34mINFO[m] 
[[1;34mINFO[m] Results:
[[1;34mINFO[m] 
[[1;33mWARNING[m] [1;33mTests run: 127, Failures: 0, Errors: 0, Skipped: 1[m
[[1;34mINFO[m] 
[[1;34mINFO[m] 
[[1;34mINFO[m] [1m----------------------< [0;36morg.1edtech:inspector-ov[0;1m >----------------------[m
[[1;34mINFO[m] [1mBuilding inspector-ov 1.0.5                                       [5/10][m
[[1;34mINFO[m] [1m--------------------------------[ jar ]---------------------------------[m
[[1;34mINFO[m] 
[[1;34mINFO[m] [1m--- [0;32mmaven-resources-plugin:2.6:resources[m [1m(default-resources)[m @ [36minspector-ov[0;1m ---[m
[[1;34mINFO[m] Using 'UTF-8' encoding to copy filtered resources.
[[1;34mINFO[m] skip non existing resourceDirectory /var/lib/jenkins/workspace/multi-membervalidator3_main/inspector-ov/src/main/resources
[[1;34mINFO[m] 
[[1;34mINFO[m] [1m--- [0;32mflatten-maven-plugin:1.2.7:flatten[m [1m(flatten)[m @ [36minspector-ov[0;1m ---[m
[[1;34mINFO[m] Generating flattened POM of project org.1edtech:inspector-ov:jar:1.0.5...
[[1;34mINFO[m] 
[[1;34mINFO[m] [1m--- [0;32mmaven-compiler-plugin:3.8.1:compile[m [1m(default-compile)[m @ [36minspector-ov[0;1m ---[m
[[1;34mINFO[m] Changes detected - recompiling the module!
[[1;34mINFO[m] Compiling 1 source file to /var/lib/jenkins/workspace/multi-membervalidator3_main/inspector-ov/target/classes
[[1;34mINFO[m] 
[[1;34mINFO[m] [1m--- [0;32mmaven-resources-plugin:2.6:testResources[m [1m(default-testResources)[m @ [36minspector-ov[0;1m ---[m
[[1;34mINFO[m] Using 'UTF-8' encoding to copy filtered resources.
[[1;34mINFO[m] Copying 1 resource
[[1;34mINFO[m] 
[[1;34mINFO[m] [1m--- [0;32mmaven-compiler-plugin:3.8.1:testCompile[m [1m(default-testCompile)[m @ [36minspector-ov[0;1m ---[m
[[1;34mINFO[m] Changes detected - recompiling the module!
[[1;34mINFO[m] Compiling 2 source files to /var/lib/jenkins/workspace/multi-membervalidator3_main/inspector-ov/target/test-classes
[[1;34mINFO[m] 
[[1;34mINFO[m] [1m--- [0;32mmaven-surefire-plugin:3.0.0-M5:test[m [1m(default-test)[m @ [36minspector-ov[0;1m ---[m
[[1;34mINFO[m] 
[[1;34mINFO[m] -------------------------------------------------------
[[1;34mINFO[m]  T E S T S
[[1;34mINFO[m] -------------------------------------------------------
[[1;34mINFO[m] Running org.oneedtech.inspect.ov.[1mOpenVideo10Tests[m
[[1;34mINFO[m] [1;32mTests run: [0;1;32m1[m, Failures: 0, Errors: 0, Skipped: 0, Time elapsed: 1.568 s - in org.oneedtech.inspect.ov.[1mOpenVideo10Tests[m
[[1;34mINFO[m] 
[[1;34mINFO[m] Results:
[[1;34mINFO[m] 
[[1;34mINFO[m] [1;32mTests run: 1, Failures: 0, Errors: 0, Skipped: 0[m
[[1;34mINFO[m] 
[[1;34mINFO[m] 
[[1;34mINFO[m] [1m---------------------< [0;36morg.1edtech:inspector-apip[0;1m >---------------------[m
[[1;34mINFO[m] [1mBuilding inspector-apip 1.0.5                                     [6/10][m
[[1;34mINFO[m] [1m--------------------------------[ jar ]---------------------------------[m
[[1;34mINFO[m] 
[[1;34mINFO[m] [1m--- [0;32mmaven-resources-plugin:2.6:resources[m [1m(default-resources)[m @ [36minspector-apip[0;1m ---[m
[[1;34mINFO[m] Using 'UTF-8' encoding to copy filtered resources.
[[1;34mINFO[m] skip non existing resourceDirectory /var/lib/jenkins/workspace/multi-membervalidator3_main/inspector-apip/src/main/resources
[[1;34mINFO[m] 
[[1;34mINFO[m] [1m--- [0;32mflatten-maven-plugin:1.2.7:flatten[m [1m(flatten)[m @ [36minspector-apip[0;1m ---[m
[[1;34mINFO[m] Generating flattened POM of project org.1edtech:inspector-apip:jar:1.0.5...
[[1;34mINFO[m] 
[[1;34mINFO[m] [1m--- [0;32mmaven-compiler-plugin:3.8.1:compile[m [1m(default-compile)[m @ [36minspector-apip[0;1m ---[m
[[1;34mINFO[m] Changes detected - recompiling the module!
[[1;34mINFO[m] Compiling 3 source files to /var/lib/jenkins/workspace/multi-membervalidator3_main/inspector-apip/target/classes
[[1;34mINFO[m] /var/lib/jenkins/workspace/multi-membervalidator3_main/inspector-apip/src/main/java/org/oneedtech/inspect/apip/Apip10PnpEntryInspector.java: Some input files use unchecked or unsafe operations.
[[1;34mINFO[m] /var/lib/jenkins/workspace/multi-membervalidator3_main/inspector-apip/src/main/java/org/oneedtech/inspect/apip/Apip10PnpEntryInspector.java: Recompile with -Xlint:unchecked for details.
[[1;34mINFO[m] 
[[1;34mINFO[m] [1m--- [0;32mmaven-resources-plugin:2.6:testResources[m [1m(default-testResources)[m @ [36minspector-apip[0;1m ---[m
[[1;34mINFO[m] Using 'UTF-8' encoding to copy filtered resources.
[[1;34mINFO[m] Copying 1 resource
[[1;34mINFO[m] 
[[1;34mINFO[m] [1m--- [0;32mmaven-compiler-plugin:3.8.1:testCompile[m [1m(default-testCompile)[m @ [36minspector-apip[0;1m ---[m
[[1;34mINFO[m] Changes detected - recompiling the module!
[[1;34mINFO[m] Compiling 2 source files to /var/lib/jenkins/workspace/multi-membervalidator3_main/inspector-apip/target/test-classes
[[1;34mINFO[m] 
[[1;34mINFO[m] [1m--- [0;32mmaven-surefire-plugin:3.0.0-M5:test[m [1m(default-test)[m @ [36minspector-apip[0;1m ---[m
[[1;34mINFO[m] 
[[1;34mINFO[m] -------------------------------------------------------
[[1;34mINFO[m]  T E S T S
[[1;34mINFO[m] -------------------------------------------------------
[[1;34mINFO[m] Running org.oneedtech.inspect.apip.[1mApipXmlTests[m
[[1;34mINFO[m] [1;32mTests run: [0;1;32m3[m, Failures: 0, Errors: 0, Skipped: 0, Time elapsed: 1.296 s - in org.oneedtech.inspect.apip.[1mApipXmlTests[m
[[1;34mINFO[m] 
[[1;34mINFO[m] Results:
[[1;34mINFO[m] 
[[1;34mINFO[m] [1;32mTests run: 3, Failures: 0, Errors: 0, Skipped: 0[m
[[1;34mINFO[m] 
[[1;34mINFO[m] 
[[1;34mINFO[m] [1m---------------------< [0;36morg.1edtech:inspector-afa[0;1m >----------------------[m
[[1;34mINFO[m] [1mBuilding inspector-afa 1.0.5                                      [7/10][m
[[1;34mINFO[m] [1m--------------------------------[ jar ]---------------------------------[m
[[1;34mINFO[m] 
[[1;34mINFO[m] [1m--- [0;32mmaven-resources-plugin:2.6:resources[m [1m(default-resources)[m @ [36minspector-afa[0;1m ---[m
[[1;34mINFO[m] Using 'UTF-8' encoding to copy filtered resources.
[[1;34mINFO[m] skip non existing resourceDirectory /var/lib/jenkins/workspace/multi-membervalidator3_main/inspector-afa/src/main/resources
[[1;34mINFO[m] 
[[1;34mINFO[m] [1m--- [0;32mflatten-maven-plugin:1.2.7:flatten[m [1m(flatten)[m @ [36minspector-afa[0;1m ---[m
[[1;34mINFO[m] Generating flattened POM of project org.1edtech:inspector-afa:jar:1.0.5...
[[1;34mINFO[m] 
[[1;34mINFO[m] [1m--- [0;32mmaven-compiler-plugin:3.8.1:compile[m [1m(default-compile)[m @ [36minspector-afa[0;1m ---[m
[[1;34mINFO[m] Changes detected - recompiling the module!
[[1;34mINFO[m] Compiling 4 source files to /var/lib/jenkins/workspace/multi-membervalidator3_main/inspector-afa/target/classes
[[1;34mINFO[m] /var/lib/jenkins/workspace/multi-membervalidator3_main/inspector-afa/src/main/java/org/oneedtech/inspect/afa/PnpQti30Inspector.java: Some input files use unchecked or unsafe operations.
[[1;34mINFO[m] /var/lib/jenkins/workspace/multi-membervalidator3_main/inspector-afa/src/main/java/org/oneedtech/inspect/afa/PnpQti30Inspector.java: Recompile with -Xlint:unchecked for details.
[[1;34mINFO[m] 
[[1;34mINFO[m] [1m--- [0;32mmaven-resources-plugin:2.6:testResources[m [1m(default-testResources)[m @ [36minspector-afa[0;1m ---[m
[[1;34mINFO[m] Using 'UTF-8' encoding to copy filtered resources.
[[1;34mINFO[m] Copying 1 resource
[[1;34mINFO[m] 
[[1;34mINFO[m] [1m--- [0;32mmaven-compiler-plugin:3.8.1:testCompile[m [1m(default-testCompile)[m @ [36minspector-afa[0;1m ---[m
[[1;34mINFO[m] Changes detected - recompiling the module!
[[1;34mINFO[m] Compiling 4 source files to /var/lib/jenkins/workspace/multi-membervalidator3_main/inspector-afa/target/test-classes
[[1;34mINFO[m] 
[[1;34mINFO[m] [1m--- [0;32mmaven-surefire-plugin:3.0.0-M5:test[m [1m(default-test)[m @ [36minspector-afa[0;1m ---[m
[[1;34mINFO[m] 
[[1;34mINFO[m] -------------------------------------------------------
[[1;34mINFO[m]  T E S T S
[[1;34mINFO[m] -------------------------------------------------------
[[1;34mINFO[m] Running org.oneedtech.inspect.afa.[1mPnp30Tests[m
[[1;34mINFO[m] [1;32mTests run: [0;1;32m1[m, Failures: 0, Errors: 0, Skipped: 0, Time elapsed: 1.642 s - in org.oneedtech.inspect.afa.[1mPnp30Tests[m
[[1;34mINFO[m] Running org.oneedtech.inspect.afa.[1mDrd30Tests[m
[[1;34mINFO[m] [1;32mTests run: [0;1;32m2[m, Failures: 0, Errors: 0, Skipped: 0, Time elapsed: 0.016 s - in org.oneedtech.inspect.afa.[1mDrd30Tests[m
[[1;34mINFO[m] Running org.oneedtech.inspect.afa.[1mPnpQti30Tests[m
[[1;34mINFO[m] [1;32mTests run: [0;1;32m1[m, Failures: 0, Errors: 0, Skipped: 0, Time elapsed: 0.229 s - in org.oneedtech.inspect.afa.[1mPnpQti30Tests[m
[[1;34mINFO[m] 
[[1;34mINFO[m] Results:
[[1;34mINFO[m] 
[[1;34mINFO[m] [1;32mTests run: 4, Failures: 0, Errors: 0, Skipped: 0[m
[[1;34mINFO[m] 
[[1;34mINFO[m] 
[[1;34mINFO[m] [1m-------------------< [0;36morg.1edtech:inspector-caliper[0;1m >--------------------[m
[[1;34mINFO[m] [1mBuilding inspector-caliper 1.0.5                                  [8/10][m
[[1;34mINFO[m] [1m--------------------------------[ jar ]---------------------------------[m
[[1;34mINFO[m] 
[[1;34mINFO[m] [1m--- [0;32mmaven-resources-plugin:2.6:resources[m [1m(default-resources)[m @ [36minspector-caliper[0;1m ---[m
[[1;34mINFO[m] Using 'UTF-8' encoding to copy filtered resources.
[[1;34mINFO[m] skip non existing resourceDirectory /var/lib/jenkins/workspace/multi-membervalidator3_main/inspector-caliper/src/main/resources
[[1;34mINFO[m] 
[[1;34mINFO[m] [1m--- [0;32mflatten-maven-plugin:1.2.7:flatten[m [1m(flatten)[m @ [36minspector-caliper[0;1m ---[m
[[1;34mINFO[m] Generating flattened POM of project org.1edtech:inspector-caliper:jar:1.0.5...
[[1;34mINFO[m] 
[[1;34mINFO[m] [1m--- [0;32mmaven-compiler-plugin:3.8.1:compile[m [1m(default-compile)[m @ [36minspector-caliper[0;1m ---[m
[[1;34mINFO[m] Changes detected - recompiling the module!
[[1;34mINFO[m] Compiling 1 source file to /var/lib/jenkins/workspace/multi-membervalidator3_main/inspector-caliper/target/classes
[[1;34mINFO[m] /var/lib/jenkins/workspace/multi-membervalidator3_main/inspector-caliper/src/main/java/org/oneedtech/inspect/caliper/Caliper12Inspector.java: /var/lib/jenkins/workspace/multi-membervalidator3_main/inspector-caliper/src/main/java/org/oneedtech/inspect/caliper/Caliper12Inspector.java uses unchecked or unsafe operations.
[[1;34mINFO[m] /var/lib/jenkins/workspace/multi-membervalidator3_main/inspector-caliper/src/main/java/org/oneedtech/inspect/caliper/Caliper12Inspector.java: Recompile with -Xlint:unchecked for details.
[[1;34mINFO[m] 
[[1;34mINFO[m] [1m--- [0;32mmaven-resources-plugin:2.6:testResources[m [1m(default-testResources)[m @ [36minspector-caliper[0;1m ---[m
[[1;34mINFO[m] Using 'UTF-8' encoding to copy filtered resources.
[[1;34mINFO[m] skip non existing resourceDirectory /var/lib/jenkins/workspace/multi-membervalidator3_main/inspector-caliper/src/test/resources
[[1;34mINFO[m] 
[[1;34mINFO[m] [1m--- [0;32mmaven-compiler-plugin:3.8.1:testCompile[m [1m(default-testCompile)[m @ [36minspector-caliper[0;1m ---[m
[[1;34mINFO[m] No sources to compile
[[1;34mINFO[m] 
[[1;34mINFO[m] [1m--- [0;32mmaven-surefire-plugin:3.0.0-M5:test[m [1m(default-test)[m @ [36minspector-caliper[0;1m ---[m
[[1;34mINFO[m] No tests to run.
[[1;34mINFO[m] 
[[1;34mINFO[m] [1m---------------------< [0;36morg.1edtech:inspector-clr[0;1m >----------------------[m
[[1;34mINFO[m] [1mBuilding inspector-clr 1.0.5                                      [9/10][m
[[1;34mINFO[m] [1m--------------------------------[ jar ]---------------------------------[m
Downloading from 1edtech-public-snapshots: https://nexus.1edtech.net/repository/1edtech-public-snapshot/com/danubetech/verifiable-credentials-java/1.2-SNAPSHOT/maven-metadata.xml
Downloading from danubetech-public: https://repo.danubetech.com/repository/maven-public/com/danubetech/verifiable-credentials-java/1.2-SNAPSHOT/maven-metadata.xml
Downloading from ims-snapshots: https://nexus.1edtech.net/repository/ims-snapshot/com/danubetech/verifiable-credentials-java/1.2-SNAPSHOT/maven-metadata.xml
                   
Downloaded from danubetech-public: https://repo.danubetech.com/repository/maven-public/com/danubetech/verifiable-credentials-java/1.2-SNAPSHOT/maven-metadata.xml (997 B at 815 B/s)
Downloading from ims-snapshots: https://nexus.1edtech.net/repository/ims-snapshot/com/danubetech/key-formats-java/1.8-SNAPSHOT/maven-metadata.xml
Downloading from 1edtech-public-snapshots: https://nexus.1edtech.net/repository/1edtech-public-snapshot/com/danubetech/key-formats-java/1.8-SNAPSHOT/maven-metadata.xml
Downloading from danubetech-public: https://repo.danubetech.com/repository/maven-public/com/danubetech/key-formats-java/1.8-SNAPSHOT/maven-metadata.xml
Progress (1): 986 B
                   
Downloaded from danubetech-public: https://repo.danubetech.com/repository/maven-public/com/danubetech/key-formats-java/1.8-SNAPSHOT/maven-metadata.xml (986 B at 1.7 kB/s)
[[1;34mINFO[m] 
[[1;34mINFO[m] [1m--- [0;32mmaven-resources-plugin:2.6:resources[m [1m(default-resources)[m @ [36minspector-clr[0;1m ---[m
[[1;34mINFO[m] Using 'UTF-8' encoding to copy filtered resources.
[[1;34mINFO[m] skip non existing resourceDirectory /var/lib/jenkins/workspace/multi-membervalidator3_main/inspector-clr/src/main/resources
[[1;34mINFO[m] 
[[1;34mINFO[m] [1m--- [0;32mflatten-maven-plugin:1.2.7:flatten[m [1m(flatten)[m @ [36minspector-clr[0;1m ---[m
[[1;34mINFO[m] Generating flattened POM of project org.1edtech:inspector-clr:jar:1.0.5...
[[1;34mINFO[m] 
[[1;34mINFO[m] [1m--- [0;32mmaven-compiler-plugin:3.8.1:compile[m [1m(default-compile)[m @ [36minspector-clr[0;1m ---[m
[[1;34mINFO[m] Changes detected - recompiling the module!
[[1;34mINFO[m] Compiling 2 source files to /var/lib/jenkins/workspace/multi-membervalidator3_main/inspector-clr/target/classes
[[1;34mINFO[m] /var/lib/jenkins/workspace/multi-membervalidator3_main/inspector-clr/src/main/java/org/oneedtech/inspect/clr/CLR20Inspector.java: /var/lib/jenkins/workspace/multi-membervalidator3_main/inspector-clr/src/main/java/org/oneedtech/inspect/clr/CLR20Inspector.java uses unchecked or unsafe operations.
[[1;34mINFO[m] /var/lib/jenkins/workspace/multi-membervalidator3_main/inspector-clr/src/main/java/org/oneedtech/inspect/clr/CLR20Inspector.java: Recompile with -Xlint:unchecked for details.
[[1;34mINFO[m] 
[[1;34mINFO[m] [1m--- [0;32mmaven-resources-plugin:2.6:testResources[m [1m(default-testResources)[m @ [36minspector-clr[0;1m ---[m
[[1;34mINFO[m] Using 'UTF-8' encoding to copy filtered resources.
[[1;34mINFO[m] Copying 6 resources
[[1;34mINFO[m] 
[[1;34mINFO[m] [1m--- [0;32mmaven-compiler-plugin:3.8.1:testCompile[m [1m(default-testCompile)[m @ [36minspector-clr[0;1m ---[m
[[1;34mINFO[m] Changes detected - recompiling the module!
[[1;34mINFO[m] Compiling 3 source files to /var/lib/jenkins/workspace/multi-membervalidator3_main/inspector-clr/target/test-classes
[[1;34mINFO[m] 
[[1;34mINFO[m] [1m--- [0;32mmaven-surefire-plugin:3.0.0-M5:test[m [1m(default-test)[m @ [36minspector-clr[0;1m ---[m
[[1;34mINFO[m] 
[[1;34mINFO[m] -------------------------------------------------------
[[1;34mINFO[m]  T E S T S
[[1;34mINFO[m] -------------------------------------------------------
[[1;34mINFO[m] Running org.oneedtech.inspect.clr.[1mIronTests[m
[[1;33mWARNING[m] [1;33mTests [0;1mrun: [0;1m1[m, Failures: 0, Errors: 0, [1;33mSkipped: [0;1;33m1[m, Time elapsed: 0.022 s - in org.oneedtech.inspect.clr.[1mIronTests[m
[[1;34mINFO[m] Running org.oneedtech.inspect.clr.[1mCLR20Tests[m
SLF4J: No SLF4J providers were found.
SLF4J: Defaulting to no-operation (NOP) logger implementation
SLF4J: See https://www.slf4j.org/codes.html#noProviders for further details.
SLF4J: Class path contains SLF4J bindings targeting slf4j-api versions 1.7.x or earlier.
SLF4J: Ignoring binding found at [jar:file:/var/lib/jenkins/.m2/repository/org/apache/logging/log4j/log4j-slf4j-impl/2.17.2/log4j-slf4j-impl-2.17.2.jar!/org/slf4j/impl/StaticLoggerBinder.class]
SLF4J: See https://www.slf4j.org/codes.html#ignoredBindings for an explanation.
Report{id=673138d4-7f02-4216-a60f-2f557949b7c2, generated=2024-11-19T21:26:06, generator=CLR20Inspector, input=Input{name=simple_v1.json, type=JSON}, summary=Summary{outcome=WARNING, fatals=0, errors=0, warnings=42, exceptions=0, notRun=0, totalRun=85}}
ReportItems: 51	 outcome: WARNING
	VALID: {test-classes/clr20/simple_v1.json} [CredentialParseProbe]
	WARNING: expected @context uri https://www.w3.org/ns/credentials/v2 at position 1, gotten https://www.w3.org/2018/credentials/v1 instead{test-classes/clr20/simple_v1.json} [ContextPropertyProbe|ClrCredential|@context]
	WARNING: expected @context uri https://purl.imsglobal.org/spec/clr/v2p0/context-2.0.1.json at position 2, gotten https://purl.imsglobal.org/spec/clr/v2p0/context.json instead{test-classes/clr20/simple_v1.json} [ContextPropertyProbe|ClrCredential|@context]
	WARNING: expected @context uri https://purl.imsglobal.org/spec/ob/v3p0/context-3.0.3.json at position 3, gotten https://purl.imsglobal.org/spec/ob/v3p0/context.json instead{test-classes/clr20/simple_v1.json} [ContextPropertyProbe|ClrCredential|@context]
	VALID: {test-classes/clr20/simple_v1.json} [TypePropertyProbe|ClrCredential|type]
	VALID: {test-classes/clr20/simple_v1.json} [JsonSchemaProbe|https://purl.imsglobal.org/spec/clr/v2p0/schema/json/clr_v2p0_anyclrcredential_schema.json]
	VALID: {test-classes/clr20/simple_v1.json} [InlineJsonSchemaProbe]
	VALID: {test-classes/clr20/simple_v1.json} [CredentialSubjectProbe]
	VALID: {test-classes/clr20/simple_v1.json} [EmbeddedProofProbe]
	VALID: {test-classes/clr20/simple_v1.json} [RevocationListProbe]
	VALID: {test-classes/clr20/simple_v1.json} [ExpirationProbe]
	VALID: {test-classes/clr20/simple_v1.json} [IssuanceProbe]
	WARNING: expected @context uri https://www.w3.org/ns/credentials/v2 at position 1, gotten https://www.w3.org/2018/credentials/v1 instead{test-classes/clr20/simple_v1.json} [ContextPropertyProbe|EndorsementCredential|@context]
	WARNING: expected @context uri https://purl.imsglobal.org/spec/ob/v3p0/context-3.0.3.json at position 2, gotten https://purl.imsglobal.org/spec/ob/v3p0/context.json instead{test-classes/clr20/simple_v1.json} [ContextPropertyProbe|EndorsementCredential|@context]
	WARNING: expected @context uri https://www.w3.org/ns/credentials/v2 at position 1, gotten https://www.w3.org/2018/credentials/v1 instead{clr20/simple_v1.json/$.credentialSubject.verifiableCredential[0]} [ContextPropertyProbe|OpenBadgeCredential|@context]
	WARNING: expected @context uri https://purl.imsglobal.org/spec/ob/v3p0/context-3.0.3.json at position 2, gotten https://purl.imsglobal.org/spec/ob/v3p0/context.json instead{clr20/simple_v1.json/$.credentialSubject.verifiableCredential[0]} [ContextPropertyProbe|OpenBadgeCredential|@context]
	WARNING: JSON-LD schema validation succeed. However, Plain JSON schema validation failed, so it could have an impact when working with plain JSON platforms. Error:$: must be valid to one and only one schema, but 0 are valid{clr20/simple_v1.json/$.credentialSubject.verifiableCredential[0][$]} [JsonSchemasProbe]
	WARNING: JSON-LD schema validation succeed. However, Plain JSON schema validation failed, so it could have an impact when working with plain JSON platforms. Error:$: required property 'validFrom' not found{clr20/simple_v1.json/$.credentialSubject.verifiableCredential[0][$]} [JsonSchemasProbe]
	WARNING: JSON-LD schema validation succeed. However, Plain JSON schema validation failed, so it could have an impact when working with plain JSON platforms. Error:$.credentialSubject.achievement.endorsement[0]: required property 'name' not found{clr20/simple_v1.json/$.credentialSubject.verifiableCredential[0][$.credentialSubject.achievement.endorsement[0]]} [JsonSchemasProbe]
	WARNING: url "https://western.riverwell.k12.or.us/" in issuer is not accessible{clr20/simple_v1.json/$.credentialSubject.verifiableCredential[0]} [IssuerProbe]
	WARNING: expected @context uri https://www.w3.org/ns/credentials/v2 at position 1, gotten https://www.w3.org/2018/credentials/v1 instead{clr20/simple_v1.json/$.credentialSubject.verifiableCredential[0]} [ContextPropertyProbe|EndorsementCredential|@context]
	WARNING: expected @context uri https://purl.imsglobal.org/spec/ob/v3p0/context-3.0.3.json at position 2, gotten https://purl.imsglobal.org/spec/ob/v3p0/context.json instead{clr20/simple_v1.json/$.credentialSubject.verifiableCredential[0]} [ContextPropertyProbe|EndorsementCredential|@context]
	WARNING: expected @context uri https://www.w3.org/ns/credentials/v2 at position 1, gotten https://www.w3.org/2018/credentials/v1 instead{clr20/simple_v1.json/$.credentialSubject.verifiableCredential[1]} [ContextPropertyProbe|OpenBadgeCredential|@context]
	WARNING: expected @context uri https://purl.imsglobal.org/spec/ob/v3p0/context-3.0.3.json at position 2, gotten https://purl.imsglobal.org/spec/ob/v3p0/context.json instead{clr20/simple_v1.json/$.credentialSubject.verifiableCredential[1]} [ContextPropertyProbe|OpenBadgeCredential|@context]
	WARNING: JSON-LD schema validation succeed. However, Plain JSON schema validation failed, so it could have an impact when working with plain JSON platforms. Error:$: must be valid to one and only one schema, but 0 are valid{clr20/simple_v1.json/$.credentialSubject.verifiableCredential[1][$]} [JsonSchemasProbe]
	WARNING: JSON-LD schema validation succeed. However, Plain JSON schema validation failed, so it could have an impact when working with plain JSON platforms. Error:$: required property 'validFrom' not found{clr20/simple_v1.json/$.credentialSubject.verifiableCredential[1][$]} [JsonSchemasProbe]
	WARNING: JSON-LD schema validation succeed. However, Plain JSON schema validation failed, so it could have an impact when working with plain JSON platforms. Error:$.credentialSubject.achievement.resultDescription[0].type: string found, array expected{clr20/simple_v1.json/$.credentialSubject.verifiableCredential[1][$.credentialSubject.achievement.resultDescription[0].type]} [JsonSchemasProbe]
	WARNING: JSON-LD schema validation succeed. However, Plain JSON schema validation failed, so it could have an impact when working with plain JSON platforms. Error:$.credentialSubject.result[0].type: string found, array expected{clr20/simple_v1.json/$.credentialSubject.verifiableCredential[1][$.credentialSubject.result[0].type]} [JsonSchemasProbe]
	WARNING: url "https://western.riverwell.k12.or.us/" in issuer is not accessible{clr20/simple_v1.json/$.credentialSubject.verifiableCredential[1]} [IssuerProbe]
	WARNING: expected @context uri https://www.w3.org/ns/credentials/v2 at position 1, gotten https://www.w3.org/2018/credentials/v1 instead{clr20/simple_v1.json/$.credentialSubject.verifiableCredential[2]} [ContextPropertyProbe|OpenBadgeCredential|@context]
	WARNING: expected @context uri https://purl.imsglobal.org/spec/ob/v3p0/context-3.0.3.json at position 2, gotten https://purl.imsglobal.org/spec/ob/v3p0/context.json instead{clr20/simple_v1.json/$.credentialSubject.verifiableCredential[2]} [ContextPropertyProbe|OpenBadgeCredential|@context]
	WARNING: JSON-LD schema validation succeed. However, Plain JSON schema validation failed, so it could have an impact when working with plain JSON platforms. Error:$: must be valid to one and only one schema, but 0 are valid{clr20/simple_v1.json/$.credentialSubject.verifiableCredential[2][$]} [JsonSchemasProbe]
	WARNING: JSON-LD schema validation succeed. However, Plain JSON schema validation failed, so it could have an impact when working with plain JSON platforms. Error:$: required property 'validFrom' not found{clr20/simple_v1.json/$.credentialSubject.verifiableCredential[2][$]} [JsonSchemasProbe]
	WARNING: JSON-LD schema validation succeed. However, Plain JSON schema validation failed, so it could have an impact when working with plain JSON platforms. Error:$.credentialSubject.achievement.resultDescription[0].type: string found, array expected{clr20/simple_v1.json/$.credentialSubject.verifiableCredential[2][$.credentialSubject.achievement.resultDescription[0].type]} [JsonSchemasProbe]
	WARNING: url "https://western.riverwell.k12.or.us/" in issuer is not accessible{clr20/simple_v1.json/$.credentialSubject.verifiableCredential[2]} [IssuerProbe]
	WARNING: expected @context uri https://www.w3.org/ns/credentials/v2 at position 1, gotten https://www.w3.org/2018/credentials/v1 instead{clr20/simple_v1.json/$.credentialSubject.verifiableCredential[3]} [ContextPropertyProbe|OpenBadgeCredential|@context]
	WARNING: expected @context uri https://purl.imsglobal.org/spec/ob/v3p0/context-3.0.3.json at position 2, gotten https://purl.imsglobal.org/spec/ob/v3p0/context.json instead{clr20/simple_v1.json/$.credentialSubject.verifiableCredential[3]} [ContextPropertyProbe|OpenBadgeCredential|@context]
	WARNING: JSON-LD schema validation succeed. However, Plain JSON schema validation failed, so it could have an impact when working with plain JSON platforms. Error:$: must be valid to one and only one schema, but 0 are valid{clr20/simple_v1.json/$.credentialSubject.verifiableCredential[3][$]} [JsonSchemasProbe]
	WARNING: JSON-LD schema validation succeed. However, Plain JSON schema validation failed, so it could have an impact when working with plain JSON platforms. Error:$: required property 'validFrom' not found{clr20/simple_v1.json/$.credentialSubject.verifiableCredential[3][$]} [JsonSchemasProbe]
	WARNING: JSON-LD schema validation succeed. However, Plain JSON schema validation failed, so it could have an impact when working with plain JSON platforms. Error:$.credentialSubject.achievement.resultDescription[0].type: string found, array expected{clr20/simple_v1.json/$.credentialSubject.verifiableCredential[3][$.credentialSubject.achievement.resultDescription[0].type]} [JsonSchemasProbe]
	WARNING: url "https://western.riverwell.k12.or.us/" in issuer is not accessible{clr20/simple_v1.json/$.credentialSubject.verifiableCredential[3]} [IssuerProbe]
	WARNING: expected @context uri https://www.w3.org/ns/credentials/v2 at position 1, gotten https://www.w3.org/2018/credentials/v1 instead{clr20/simple_v1.json/$.credentialSubject.verifiableCredential[4]} [ContextPropertyProbe|OpenBadgeCredential|@context]
	WARNING: expected @context uri https://purl.imsglobal.org/spec/ob/v3p0/context-3.0.3.json at position 2, gotten https://purl.imsglobal.org/spec/ob/v3p0/context.json instead{clr20/simple_v1.json/$.credentialSubject.verifiableCredential[4]} [ContextPropertyProbe|OpenBadgeCredential|@context]
	WARNING: JSON-LD schema validation succeed. However, Plain JSON schema validation failed, so it could have an impact when working with plain JSON platforms. Error:$: must be valid to one and only one schema, but 0 are valid{clr20/simple_v1.json/$.credentialSubject.verifiableCredential[4][$]} [JsonSchemasProbe]
	WARNING: JSON-LD schema validation succeed. However, Plain JSON schema validation failed, so it could have an impact when working with plain JSON platforms. Error:$: required property 'validFrom' not found{clr20/simple_v1.json/$.credentialSubject.verifiableCredential[4][$]} [JsonSchemasProbe]
	WARNING: JSON-LD schema validation succeed. However, Plain JSON schema validation failed, so it could have an impact when working with plain JSON platforms. Error:$.credentialSubject.achievement.resultDescription[0].type: string found, array expected{clr20/simple_v1.json/$.credentialSubject.verifiableCredential[4][$.credentialSubject.achievement.resultDescription[0].type]} [JsonSchemasProbe]
	WARNING: JSON-LD schema validation succeed. However, Plain JSON schema validation failed, so it could have an impact when working with plain JSON platforms. Error:$.credentialSubject.achievement.resultDescription[1].type: string found, array expected{clr20/simple_v1.json/$.credentialSubject.verifiableCredential[4][$.credentialSubject.achievement.resultDescription[1].type]} [JsonSchemasProbe]
	WARNING: url "https://western.riverwell.k12.or.us/" in issuer is not accessible{clr20/simple_v1.json/$.credentialSubject.verifiableCredential[4]} [IssuerProbe]
	WARNING: expected @context uri https://www.w3.org/ns/credentials/v2 at position 1, gotten https://www.w3.org/2018/credentials/v1 instead{clr20/simple_v1.json/$.credentialSubject.verifiableCredential[5]} [ContextPropertyProbe|OpenBadgeCredential|@context]
	WARNING: expected @context uri https://purl.imsglobal.org/spec/ob/v3p0/context-3.0.3.json at position 2, gotten https://purl.imsglobal.org/spec/ob/v3p0/context.json instead{clr20/simple_v1.json/$.credentialSubject.verifiableCredential[5]} [ContextPropertyProbe|OpenBadgeCredential|@context]
	WARNING: url "https://western.riverwell.k12.or.us/" in issuer is not accessible{clr20/simple_v1.json/$.credentialSubject.verifiableCredential[5]} [IssuerProbe]
Report{id=cfd47097-bb22-4241-b2da-cd828ecf6277, generated=2024-11-19T21:26:07, generator=CLR20Inspector, input=Input{name=simple.json, type=JSON}, summary=Summary{outcome=VALID, fatals=0, errors=0, warnings=0, exceptions=0, notRun=0, totalRun=23}}
ReportItems: 10	 outcome: VALID
	VALID: {test-classes/clr20/simple.json} [CredentialParseProbe]
	VALID: {test-classes/clr20/simple.json} [ContextPropertyProbe|ClrCredential|@context]
	VALID: {test-classes/clr20/simple.json} [TypePropertyProbe|ClrCredential|type]
	VALID: {test-classes/clr20/simple.json} [JsonSchemaProbe|https://purl.imsglobal.org/spec/clr/v2p0/schema/json/clr_v2p0_anyclrcredential_schema.json]
	VALID: {test-classes/clr20/simple.json} [JsonSchemaProbe|https://purl.imsglobal.org/spec/clr/v2p0/schema/json/clr_v2p0_clrcredential_schema.json]
	VALID: {test-classes/clr20/simple.json} [CredentialSubjectProbe]
	VALID: {test-classes/clr20/simple.json} [EmbeddedProofProbe]
	VALID: {test-classes/clr20/simple.json} [RevocationListProbe]
	VALID: {test-classes/clr20/simple.json} [ExpirationProbe]
	VALID: {test-classes/clr20/simple.json} [IssuanceProbe]
[[1;33mWARNING[m] [1;33mTests [0;1mrun: [0;1m3[m, Failures: 0, Errors: 0, [1;33mSkipped: [0;1;33m1[m, Time elapsed: 2.632 s - in org.oneedtech.inspect.clr.[1mCLR20Tests[m
[[1;34mINFO[m] 
[[1;34mINFO[m] Results:
[[1;34mINFO[m] 
[[1;33mWARNING[m] [1;33mTests run: 4, Failures: 0, Errors: 0, Skipped: 2[m
[[1;34mINFO[m] 
[[1;34mINFO[m] 
[[1;34mINFO[m] [1m---------------------< [0;36morg.1edtech:inspector-web[0;1m >----------------------[m
[[1;34mINFO[m] [1mBuilding inspector-web 1.0.5                                     [10/10][m
[[1;34mINFO[m] [1m--------------------------------[ jar ]---------------------------------[m
Downloading from ims-snapshots: https://nexus.1edtech.net/repository/ims-snapshot/org/webjars/npm/follow-redirects/maven-metadata.xml
Downloading from 1edtech-public-snapshots: https://nexus.1edtech.net/repository/1edtech-public-snapshot/org/webjars/npm/follow-redirects/maven-metadata.xml
Downloading from ims-releases: https://nexus.1edtech.net/repository/ims-release/org/webjars/npm/follow-redirects/maven-metadata.xml
Downloading from 1edtech-public-release: https://nexus.1edtech.net/repository/1edtech-public-release/org/webjars/npm/follow-redirects/maven-metadata.xml
Downloading from central: https://repo.maven.apache.org/maven2/org/webjars/npm/follow-redirects/maven-metadata.xml
Progress (1): 1.5 kB
                    
Downloaded from central: https://repo.maven.apache.org/maven2/org/webjars/npm/follow-redirects/maven-metadata.xml (1.5 kB at 31 kB/s)
Downloading from ims-snapshots: https://nexus.1edtech.net/repository/ims-snapshot/org/webjars/npm/debug/maven-metadata.xml
Downloading from ims-releases: https://nexus.1edtech.net/repository/ims-release/org/webjars/npm/debug/maven-metadata.xml
Downloading from 1edtech-public-snapshots: https://nexus.1edtech.net/repository/1edtech-public-snapshot/org/webjars/npm/debug/maven-metadata.xml
Downloading from 1edtech-public-release: https://nexus.1edtech.net/repository/1edtech-public-release/org/webjars/npm/debug/maven-metadata.xml
Downloading from central: https://repo.maven.apache.org/maven2/org/webjars/npm/debug/maven-metadata.xml
Progress (1): 1.3 kB
                    
Downloaded from central: https://repo.maven.apache.org/maven2/org/webjars/npm/debug/maven-metadata.xml (1.3 kB at 97 kB/s)
Downloading from ims-snapshots: https://nexus.1edtech.net/repository/ims-snapshot/org/webjars/npm/ms/maven-metadata.xml
Downloading from ims-releases: https://nexus.1edtech.net/repository/ims-release/org/webjars/npm/ms/maven-metadata.xml
Downloading from 1edtech-public-snapshots: https://nexus.1edtech.net/repository/1edtech-public-snapshot/org/webjars/npm/ms/maven-metadata.xml
Downloading from 1edtech-public-release: https://nexus.1edtech.net/repository/1edtech-public-release/org/webjars/npm/ms/maven-metadata.xml
Downloading from central: https://repo.maven.apache.org/maven2/org/webjars/npm/ms/maven-metadata.xml
Progress (1): 599 B
                   
Downloaded from central: https://repo.maven.apache.org/maven2/org/webjars/npm/ms/maven-metadata.xml (599 B at 67 kB/s)
[[1;34mINFO[m] 
[[1;34mINFO[m] [1m--- [0;32mmaven-resources-plugin:2.6:resources[m [1m(default-resources)[m @ [36minspector-web[0;1m ---[m
[[1;34mINFO[m] Using 'UTF-8' encoding to copy filtered resources.
[[1;34mINFO[m] Copying 28 resources
[[1;34mINFO[m] 
[[1;34mINFO[m] [1m--- [0;32mflatten-maven-plugin:1.2.7:flatten[m [1m(flatten)[m @ [36minspector-web[0;1m ---[m
[[1;34mINFO[m] Generating flattened POM of project org.1edtech:inspector-web:jar:1.0.5...
[[1;34mINFO[m] 
[[1;34mINFO[m] [1m--- [0;32mmaven-compiler-plugin:3.8.1:compile[m [1m(default-compile)[m @ [36minspector-web[0;1m ---[m
[[1;34mINFO[m] Changes detected - recompiling the module!
[[1;34mINFO[m] Compiling 18 source files to /var/lib/jenkins/workspace/multi-membervalidator3_main/inspector-web/target/classes
[[1;34mINFO[m] 
[[1;34mINFO[m] [1m--- [0;32mmaven-resources-plugin:2.6:testResources[m [1m(default-testResources)[m @ [36minspector-web[0;1m ---[m
[[1;34mINFO[m] Using 'UTF-8' encoding to copy filtered resources.
[[1;34mINFO[m] Copying 2 resources
[[1;34mINFO[m] 
[[1;34mINFO[m] [1m--- [0;32mmaven-compiler-plugin:3.8.1:testCompile[m [1m(default-testCompile)[m @ [36minspector-web[0;1m ---[m
[[1;34mINFO[m] Changes detected - recompiling the module!
[[1;34mINFO[m] Compiling 2 source files to /var/lib/jenkins/workspace/multi-membervalidator3_main/inspector-web/target/test-classes
[[1;34mINFO[m] 
[[1;34mINFO[m] [1m--- [0;32mmaven-surefire-plugin:3.0.0-M5:test[m [1m(default-test)[m @ [36minspector-web[0;1m ---[m
[[1;34mINFO[m] 
[[1;34mINFO[m] -------------------------------------------------------
[[1;34mINFO[m]  T E S T S
[[1;34mINFO[m] -------------------------------------------------------
[[1;34mINFO[m] Running org.oneedtech.inspect.web.[1mApiTests[m

  .   ____          _            __ _ _
 /\\ / ___'_ __ _ _(_)_ __  __ _ \ \ \ \
( ( )\___ | '_ | '_| | '_ \/ _` | \ \ \ \
 \\/  ___)| |_)| | | | | || (_| |  ) ) ) )
  '  |____| .__|_| |_|_| |_\__, | / / / /
 =========|_|==============|___/=/_/_/_/
 :: Spring Boot ::                (v2.6.7)

2024-11-19 21:26:10.784  INFO 2120197 --- [           main] o.o.i.w.ApiTests                         : Starting ApiTests using Java 11.0.25 on jenkins.1edtech.org with PID 2120197 (started by jenkins in /var/lib/jenkins/workspace/multi-membervalidator3_main/inspector-web)
2024-11-19 21:26:10.794  INFO 2120197 --- [           main] o.o.i.w.ApiTests                         : The following 1 profile is active: "prod"
2024-11-19 21:26:11.025  INFO 2120197 --- [           main] o.s.c.a.ConfigurationClassParser         : Properties location [classpath:filter-${spring.profiles.active}.properties] not resolvable: class path resource [filter-prod.properties] cannot be opened because it does not exist
2024-11-19 21:26:12.315  INFO 2120197 --- [           main] o.o.i.w.a.s.SessionValidator             : Instantiating SessionValidator
2024-11-19 21:26:12.321  INFO 2120197 --- [           main] o.o.i.w.a.JwtProvider                    : Instantiating JwtProvider
2024-11-19 21:26:12.325  INFO 2120197 --- [           main] o.o.i.w.a.s.TokenService                 : Instantiating TokenService
2024-11-19 21:26:12.333  INFO 2120197 --- [           main] o.o.i.w.a.l.r.LicenseFileReader          : Instantiating LicenseFileReader, devmode false dockerMode false
2024-11-19 21:26:12.336  INFO 2120197 --- [           main] o.o.i.w.a.l.r.LicenseServiceReader       : Instantiating LicenseFileReader with licenseServiceFormatUrl https://licenseservice.imsglobal.org/api/v1/validator/license/%s/verify
2024-11-19 21:26:12.338  INFO 2120197 --- [           main] o.o.i.w.a.l.LicenseValidator             : Instantiating LicenseValidator
2024-11-19 21:26:12.341  INFO 2120197 --- [           main] o.o.i.w.a.AuthorizationInterceptor       : Instantiating AuthorizationInterceptor, devMode false, dockerMode false
2024-11-19 21:26:12.345  INFO 2120197 --- [           main] o.o.i.w.a.s.AuthorizationService         : Instantiating AuthorizationService
2024-11-19 21:26:12.389  INFO 2120197 --- [           main] o.o.i.w.s.DefaultStorageService          : Using org.oneedtech.inspect.web.storage.DefaultStorageService as StorageService implementation
2024-11-19 21:26:12.389  INFO 2120197 --- [           main] o.o.i.w.s.DefaultStorageService          : Using /tmp/validator as temp directory for file uploads
2024-11-19 21:26:12.544  INFO 2120197 --- [           main] o.r.Reflections                          : Reflections took 84 ms to scan 16 urls, producing 91 keys and 263 values [using 4 cores]
2024-11-19 21:26:12.568  INFO 2120197 --- [           main] o.o.i.p.InspectorProvider                : 43 Inspectors found on classpath. Filtering implementations in the core package.
2024-11-19 21:26:12.784  INFO 2120197 --- [           main] o.o.i.w.v.Validators                     : preloading schema imsqti_asiv3p0_v1p0.sch
2024-11-19 21:26:28.628  INFO 2120197 --- [           main] o.o.i.w.v.Validators                     : preloading schema imsqti_asiv3p0_sbacv1p0_v1p0.xsd
2024-11-19 21:26:28.951  INFO 2120197 --- [           main] o.o.i.w.v.Validators                     : preloading schema imsqti_asiv3p0_v1p0.xsd
2024-11-19 21:26:29.391  INFO 2120197 --- [           main] o.o.i.w.v.Validators                     : preloading schema imsqti_asiv3p0_sbacv1p0_v1p0.sch
2024-11-19 21:26:29.504  INFO 2120197 --- [           main] o.o.i.w.v.Validators                     : Exposing 41 validators in 10 groups
2024-11-19 21:26:30.164  INFO 2120197 --- [           main] o.o.i.w.ValidatorApplication             : Adding AuthorizatonInterceptor to InterceptorRegistry
2024-11-19 21:26:30.251  INFO 2120197 --- [           main] o.s.b.a.w.s.WelcomePageHandlerMapping    : Adding welcome page template: index
2024-11-19 21:26:32.110  INFO 2120197 --- [           main] o.s.b.t.m.w.SpringBootMockServletContext : Initializing Spring TestDispatcherServlet ''
2024-11-19 21:26:32.111  INFO 2120197 --- [           main] o.s.t.w.s.TestDispatcherServlet          : Initializing Servlet ''
2024-11-19 21:26:32.120  INFO 2120197 --- [           main] o.s.b.a.e.w.EndpointLinksResolver        : Exposing 1 endpoint(s) beneath base path '/actuator'
2024-11-19 21:26:32.152  INFO 2120197 --- [           main] o.s.t.w.s.TestDispatcherServlet          : Completed initialization in 41 ms
2024-11-19 21:26:32.197  INFO 2120197 --- [           main] o.o.i.w.ApiTests                         : Started ApiTests in 22.004 seconds (JVM running for 23.483)
[[1;34mINFO[m] [1;32mTests run: [0;1;32m6[m, Failures: 0, Errors: 0, Skipped: 0, Time elapsed: 23.228 s - in org.oneedtech.inspect.web.[1mApiTests[m
[[1;34mINFO[m] 
[[1;34mINFO[m] Results:
[[1;34mINFO[m] 
[[1;34mINFO[m] [1;32mTests run: 6, Failures: 0, Errors: 0, Skipped: 0[m
[[1;34mINFO[m] 
[[1;34mINFO[m] [1m------------------------------------------------------------------------[m
[[1;34mINFO[m] [1mReactor Summary for inspector 1.0.5:[m
[[1;34mINFO[m] 
[[1;34mINFO[m] inspector .......................................... [1;32mSUCCESS[m [  0.622 s]
[[1;34mINFO[m] inspector-qti ...................................... [1;32mSUCCESS[m [01:18 min]
[[1;34mINFO[m] inspector-or ....................................... [1;32mSUCCESS[m [  5.602 s]
[[1;34mINFO[m] inspector-cc ....................................... [1;32mSUCCESS[m [ 29.711 s]
[[1;34mINFO[m] inspector-ov ....................................... [1;32mSUCCESS[m [  2.326 s]
[[1;34mINFO[m] inspector-apip ..................................... [1;32mSUCCESS[m [  2.092 s]
[[1;34mINFO[m] inspector-afa ...................................... [1;32mSUCCESS[m [  2.772 s]
[[1;34mINFO[m] inspector-caliper .................................. [1;32mSUCCESS[m [  0.077 s]
[[1;34mINFO[m] inspector-clr ...................................... [1;32mSUCCESS[m [  5.931 s]
[[1;34mINFO[m] inspector-web ...................................... [1;32mSUCCESS[m [ 26.208 s]
[[1;34mINFO[m] [1m------------------------------------------------------------------------[m
[[1;34mINFO[m] [1;32mBUILD SUCCESS[m
[[1;34mINFO[m] [1m------------------------------------------------------------------------[m
[[1;34mINFO[m] Total time:  02:34 min
[[1;34mINFO[m] Finished at: 2024-11-19T21:26:33Z
[[1;34mINFO[m] [1m------------------------------------------------------------------------[m
[Pipeline] sh
+ mvn clean install -Dmaven.test.skip=true
WARNING: An illegal reflective access operation has occurred
WARNING: Illegal reflective access by com.google.inject.internal.cglib.core.$ReflectUtils$1 (file:/usr/share/maven/lib/guice.jar) to method java.lang.ClassLoader.defineClass(java.lang.String,byte[],int,int,java.security.ProtectionDomain)
WARNING: Please consider reporting this to the maintainers of com.google.inject.internal.cglib.core.$ReflectUtils$1
WARNING: Use --illegal-access=warn to enable warnings of further illegal reflective access operations
WARNING: All illegal access operations will be denied in a future release
[[1;34mINFO[m] Scanning for projects...
[[1;34mINFO[m] [1m------------------------------------------------------------------------[m
[[1;34mINFO[m] [1mReactor Build Order:[m
[[1;34mINFO[m] 
[[1;34mINFO[m] inspector                                                          [pom]
[[1;34mINFO[m] inspector-qti                                                      [jar]
[[1;34mINFO[m] inspector-or                                                       [jar]
[[1;34mINFO[m] inspector-cc                                                       [jar]
[[1;34mINFO[m] inspector-ov                                                       [jar]
[[1;34mINFO[m] inspector-apip                                                     [jar]
[[1;34mINFO[m] inspector-afa                                                      [jar]
[[1;34mINFO[m] inspector-caliper                                                  [jar]
[[1;34mINFO[m] inspector-clr                                                      [jar]
[[1;34mINFO[m] inspector-web                                                      [jar]
[[1;34mINFO[m] 
[[1;34mINFO[m] [1m-----------------------< [0;36morg.1edtech:inspector[0;1m >------------------------[m
[[1;34mINFO[m] [1mBuilding inspector 1.0.5                                          [1/10][m
[[1;34mINFO[m] [1m--------------------------------[ pom ]---------------------------------[m
[[1;34mINFO[m] 
[[1;34mINFO[m] [1m--- [0;32mmaven-clean-plugin:2.5:clean[m [1m(default-clean)[m @ [36minspector[0;1m ---[m
[[1;34mINFO[m] 
[[1;34mINFO[m] [1m--- [0;32mflatten-maven-plugin:1.2.7:clean[m [1m(flatten.clean)[m @ [36minspector[0;1m ---[m
[[1;34mINFO[m] Deleting /var/lib/jenkins/workspace/multi-membervalidator3_main/.flattened-pom.xml
[[1;34mINFO[m] 
[[1;34mINFO[m] [1m--- [0;32mflatten-maven-plugin:1.2.7:flatten[m [1m(flatten)[m @ [36minspector[0;1m ---[m
[[1;34mINFO[m] Generating flattened POM of project org.1edtech:inspector:pom:1.0.5...
[[1;34mINFO[m] 
[[1;34mINFO[m] [1m--- [0;32mmaven-install-plugin:2.4:install[m [1m(default-install)[m @ [36minspector[0;1m ---[m
[[1;34mINFO[m] Installing /var/lib/jenkins/workspace/multi-membervalidator3_main/.flattened-pom.xml to /var/lib/jenkins/.m2/repository/org/1edtech/inspector/1.0.5/inspector-1.0.5.pom
[[1;34mINFO[m] 
[[1;34mINFO[m] [1m---------------------< [0;36morg.1edtech:inspector-qti[0;1m >----------------------[m
[[1;34mINFO[m] [1mBuilding inspector-qti 1.0.5                                      [2/10][m
[[1;34mINFO[m] [1m--------------------------------[ jar ]---------------------------------[m
[[1;34mINFO[m] 
[[1;34mINFO[m] [1m--- [0;32mmaven-clean-plugin:2.5:clean[m [1m(default-clean)[m @ [36minspector-qti[0;1m ---[m
[[1;34mINFO[m] Deleting /var/lib/jenkins/workspace/multi-membervalidator3_main/inspector-qti/target
[[1;34mINFO[m] 
[[1;34mINFO[m] [1m--- [0;32mflatten-maven-plugin:1.2.7:clean[m [1m(flatten.clean)[m @ [36minspector-qti[0;1m ---[m
[[1;34mINFO[m] Deleting /var/lib/jenkins/workspace/multi-membervalidator3_main/inspector-qti/.flattened-pom.xml
[[1;34mINFO[m] 
[[1;34mINFO[m] [1m--- [0;32mmaven-resources-plugin:2.6:resources[m [1m(default-resources)[m @ [36minspector-qti[0;1m ---[m
[[1;34mINFO[m] Using 'UTF-8' encoding to copy filtered resources.
[[1;34mINFO[m] Copying 1 resource
[[1;34mINFO[m] 
[[1;34mINFO[m] [1m--- [0;32mflatten-maven-plugin:1.2.7:flatten[m [1m(flatten)[m @ [36minspector-qti[0;1m ---[m
[[1;34mINFO[m] Generating flattened POM of project org.1edtech:inspector-qti:jar:1.0.5...
[[1;34mINFO[m] 
[[1;34mINFO[m] [1m--- [0;32mmaven-compiler-plugin:3.8.1:compile[m [1m(default-compile)[m @ [36minspector-qti[0;1m ---[m
[[1;34mINFO[m] Changes detected - recompiling the module!
[[1;34mINFO[m] Compiling 19 source files to /var/lib/jenkins/workspace/multi-membervalidator3_main/inspector-qti/target/classes
[[1;34mINFO[m] /var/lib/jenkins/workspace/multi-membervalidator3_main/inspector-qti/src/main/java/org/oneedtech/inspect/qti/Qti21UsageDataInspector.java: Some input files use unchecked or unsafe operations.
[[1;34mINFO[m] /var/lib/jenkins/workspace/multi-membervalidator3_main/inspector-qti/src/main/java/org/oneedtech/inspect/qti/Qti21UsageDataInspector.java: Recompile with -Xlint:unchecked for details.
[[1;34mINFO[m] 
[[1;34mINFO[m] [1m--- [0;32mmaven-resources-plugin:2.6:testResources[m [1m(default-testResources)[m @ [36minspector-qti[0;1m ---[m
[[1;34mINFO[m] Not copying test resources
[[1;34mINFO[m] 
[[1;34mINFO[m] [1m--- [0;32mmaven-compiler-plugin:3.8.1:testCompile[m [1m(default-testCompile)[m @ [36minspector-qti[0;1m ---[m
[[1;34mINFO[m] Not compiling test sources
[[1;34mINFO[m] 
[[1;34mINFO[m] [1m--- [0;32mmaven-surefire-plugin:3.0.0-M5:test[m [1m(default-test)[m @ [36minspector-qti[0;1m ---[m
[[1;34mINFO[m] Tests are skipped.
[[1;34mINFO[m] 
[[1;34mINFO[m] [1m--- [0;32mmaven-jar-plugin:2.4:jar[m [1m(default-jar)[m @ [36minspector-qti[0;1m ---[m
[[1;34mINFO[m] Building jar: /var/lib/jenkins/workspace/multi-membervalidator3_main/inspector-qti/target/inspector-qti-1.0.5.jar
[[1;34mINFO[m] 
[[1;34mINFO[m] [1m--- [0;32mmaven-install-plugin:2.4:install[m [1m(default-install)[m @ [36minspector-qti[0;1m ---[m
[[1;34mINFO[m] Installing /var/lib/jenkins/workspace/multi-membervalidator3_main/inspector-qti/target/inspector-qti-1.0.5.jar to /var/lib/jenkins/.m2/repository/org/1edtech/inspector-qti/1.0.5/inspector-qti-1.0.5.jar
[[1;34mINFO[m] Installing /var/lib/jenkins/workspace/multi-membervalidator3_main/inspector-qti/.flattened-pom.xml to /var/lib/jenkins/.m2/repository/org/1edtech/inspector-qti/1.0.5/inspector-qti-1.0.5.pom
[[1;34mINFO[m] 
[[1;34mINFO[m] [1m----------------------< [0;36morg.1edtech:inspector-or[0;1m >----------------------[m
[[1;34mINFO[m] [1mBuilding inspector-or 1.0.5                                       [3/10][m
[[1;34mINFO[m] [1m--------------------------------[ jar ]---------------------------------[m
[[1;34mINFO[m] 
[[1;34mINFO[m] [1m--- [0;32mmaven-clean-plugin:2.5:clean[m [1m(default-clean)[m @ [36minspector-or[0;1m ---[m
[[1;34mINFO[m] Deleting /var/lib/jenkins/workspace/multi-membervalidator3_main/inspector-or/target
[[1;34mINFO[m] 
[[1;34mINFO[m] [1m--- [0;32mflatten-maven-plugin:1.2.7:clean[m [1m(flatten.clean)[m @ [36minspector-or[0;1m ---[m
[[1;34mINFO[m] Deleting /var/lib/jenkins/workspace/multi-membervalidator3_main/inspector-or/.flattened-pom.xml
[[1;34mINFO[m] 
[[1;34mINFO[m] [1m--- [0;32mmaven-resources-plugin:2.6:resources[m [1m(default-resources)[m @ [36minspector-or[0;1m ---[m
[[1;34mINFO[m] Using 'UTF-8' encoding to copy filtered resources.
[[1;34mINFO[m] Copying 1 resource
[[1;34mINFO[m] 
[[1;34mINFO[m] [1m--- [0;32mflatten-maven-plugin:1.2.7:flatten[m [1m(flatten)[m @ [36minspector-or[0;1m ---[m
[[1;34mINFO[m] Generating flattened POM of project org.1edtech:inspector-or:jar:1.0.5...
[[1;34mINFO[m] 
[[1;34mINFO[m] [1m--- [0;32mmaven-compiler-plugin:3.8.1:compile[m [1m(default-compile)[m @ [36minspector-or[0;1m ---[m
[[1;34mINFO[m] Changes detected - recompiling the module!
[[1;34mINFO[m] Compiling 1 source file to /var/lib/jenkins/workspace/multi-membervalidator3_main/inspector-or/target/classes
[[1;34mINFO[m] /var/lib/jenkins/workspace/multi-membervalidator3_main/inspector-or/src/main/java/org/oneedtech/inspect/or/OneRoster11Inspector.java: /var/lib/jenkins/workspace/multi-membervalidator3_main/inspector-or/src/main/java/org/oneedtech/inspect/or/OneRoster11Inspector.java uses unchecked or unsafe operations.
[[1;34mINFO[m] /var/lib/jenkins/workspace/multi-membervalidator3_main/inspector-or/src/main/java/org/oneedtech/inspect/or/OneRoster11Inspector.java: Recompile with -Xlint:unchecked for details.
[[1;34mINFO[m] 
[[1;34mINFO[m] [1m--- [0;32mmaven-resources-plugin:2.6:testResources[m [1m(default-testResources)[m @ [36minspector-or[0;1m ---[m
[[1;34mINFO[m] Not copying test resources
[[1;34mINFO[m] 
[[1;34mINFO[m] [1m--- [0;32mmaven-compiler-plugin:3.8.1:testCompile[m [1m(default-testCompile)[m @ [36minspector-or[0;1m ---[m
[[1;34mINFO[m] Not compiling test sources
[[1;34mINFO[m] 
[[1;34mINFO[m] [1m--- [0;32mmaven-surefire-plugin:3.0.0-M5:test[m [1m(default-test)[m @ [36minspector-or[0;1m ---[m
[[1;34mINFO[m] Tests are skipped.
[[1;34mINFO[m] 
[[1;34mINFO[m] [1m--- [0;32mmaven-jar-plugin:2.4:jar[m [1m(default-jar)[m @ [36minspector-or[0;1m ---[m
[[1;34mINFO[m] Building jar: /var/lib/jenkins/workspace/multi-membervalidator3_main/inspector-or/target/inspector-or-1.0.5.jar
[[1;34mINFO[m] 
[[1;34mINFO[m] [1m--- [0;32mmaven-install-plugin:2.4:install[m [1m(default-install)[m @ [36minspector-or[0;1m ---[m
[[1;34mINFO[m] Installing /var/lib/jenkins/workspace/multi-membervalidator3_main/inspector-or/target/inspector-or-1.0.5.jar to /var/lib/jenkins/.m2/repository/org/1edtech/inspector-or/1.0.5/inspector-or-1.0.5.jar
[[1;34mINFO[m] Installing /var/lib/jenkins/workspace/multi-membervalidator3_main/inspector-or/.flattened-pom.xml to /var/lib/jenkins/.m2/repository/org/1edtech/inspector-or/1.0.5/inspector-or-1.0.5.pom
[[1;34mINFO[m] 
[[1;34mINFO[m] [1m----------------------< [0;36morg.1edtech:inspector-cc[0;1m >----------------------[m
[[1;34mINFO[m] [1mBuilding inspector-cc 1.0.5                                       [4/10][m
[[1;34mINFO[m] [1m--------------------------------[ jar ]---------------------------------[m
[[1;34mINFO[m] 
[[1;34mINFO[m] [1m--- [0;32mmaven-clean-plugin:2.5:clean[m [1m(default-clean)[m @ [36minspector-cc[0;1m ---[m
[[1;34mINFO[m] Deleting /var/lib/jenkins/workspace/multi-membervalidator3_main/inspector-cc/target
[[1;34mINFO[m] 
[[1;34mINFO[m] [1m--- [0;32mflatten-maven-plugin:1.2.7:clean[m [1m(flatten.clean)[m @ [36minspector-cc[0;1m ---[m
[[1;34mINFO[m] Deleting /var/lib/jenkins/workspace/multi-membervalidator3_main/inspector-cc/.flattened-pom.xml
[[1;34mINFO[m] 
[[1;34mINFO[m] [1m--- [0;32mmaven-resources-plugin:2.6:resources[m [1m(default-resources)[m @ [36minspector-cc[0;1m ---[m
[[1;34mINFO[m] Using 'UTF-8' encoding to copy filtered resources.
[[1;34mINFO[m] skip non existing resourceDirectory /var/lib/jenkins/workspace/multi-membervalidator3_main/inspector-cc/src/main/resources
[[1;34mINFO[m] 
[[1;34mINFO[m] [1m--- [0;32mflatten-maven-plugin:1.2.7:flatten[m [1m(flatten)[m @ [36minspector-cc[0;1m ---[m
[[1;34mINFO[m] Generating flattened POM of project org.1edtech:inspector-cc:jar:1.0.5...
[[1;34mINFO[m] 
[[1;34mINFO[m] [1m--- [0;32mmaven-compiler-plugin:3.8.1:compile[m [1m(default-compile)[m @ [36minspector-cc[0;1m ---[m
[[1;34mINFO[m] Changes detected - recompiling the module!
[[1;34mINFO[m] Compiling 9 source files to /var/lib/jenkins/workspace/multi-membervalidator3_main/inspector-cc/target/classes
[[1;34mINFO[m] /var/lib/jenkins/workspace/multi-membervalidator3_main/inspector-cc/src/main/java/org/oneedtech/inspect/cc/TCC13Inspector.java: Some input files use unchecked or unsafe operations.
[[1;34mINFO[m] /var/lib/jenkins/workspace/multi-membervalidator3_main/inspector-cc/src/main/java/org/oneedtech/inspect/cc/TCC13Inspector.java: Recompile with -Xlint:unchecked for details.
[[1;34mINFO[m] 
[[1;34mINFO[m] [1m--- [0;32mmaven-resources-plugin:2.6:testResources[m [1m(default-testResources)[m @ [36minspector-cc[0;1m ---[m
[[1;34mINFO[m] Not copying test resources
[[1;34mINFO[m] 
[[1;34mINFO[m] [1m--- [0;32mmaven-compiler-plugin:3.8.1:testCompile[m [1m(default-testCompile)[m @ [36minspector-cc[0;1m ---[m
[[1;34mINFO[m] Not compiling test sources
[[1;34mINFO[m] 
[[1;34mINFO[m] [1m--- [0;32mmaven-surefire-plugin:3.0.0-M5:test[m [1m(default-test)[m @ [36minspector-cc[0;1m ---[m
[[1;34mINFO[m] Tests are skipped.
[[1;34mINFO[m] 
[[1;34mINFO[m] [1m--- [0;32mmaven-jar-plugin:2.4:jar[m [1m(default-jar)[m @ [36minspector-cc[0;1m ---[m
[[1;34mINFO[m] Building jar: /var/lib/jenkins/workspace/multi-membervalidator3_main/inspector-cc/target/inspector-cc-1.0.5.jar
[[1;34mINFO[m] 
[[1;34mINFO[m] [1m--- [0;32mmaven-install-plugin:2.4:install[m [1m(default-install)[m @ [36minspector-cc[0;1m ---[m
[[1;34mINFO[m] Installing /var/lib/jenkins/workspace/multi-membervalidator3_main/inspector-cc/target/inspector-cc-1.0.5.jar to /var/lib/jenkins/.m2/repository/org/1edtech/inspector-cc/1.0.5/inspector-cc-1.0.5.jar
[[1;34mINFO[m] Installing /var/lib/jenkins/workspace/multi-membervalidator3_main/inspector-cc/.flattened-pom.xml to /var/lib/jenkins/.m2/repository/org/1edtech/inspector-cc/1.0.5/inspector-cc-1.0.5.pom
[[1;34mINFO[m] 
[[1;34mINFO[m] [1m----------------------< [0;36morg.1edtech:inspector-ov[0;1m >----------------------[m
[[1;34mINFO[m] [1mBuilding inspector-ov 1.0.5                                       [5/10][m
[[1;34mINFO[m] [1m--------------------------------[ jar ]---------------------------------[m
[[1;34mINFO[m] 
[[1;34mINFO[m] [1m--- [0;32mmaven-clean-plugin:2.5:clean[m [1m(default-clean)[m @ [36minspector-ov[0;1m ---[m
[[1;34mINFO[m] Deleting /var/lib/jenkins/workspace/multi-membervalidator3_main/inspector-ov/target
[[1;34mINFO[m] 
[[1;34mINFO[m] [1m--- [0;32mflatten-maven-plugin:1.2.7:clean[m [1m(flatten.clean)[m @ [36minspector-ov[0;1m ---[m
[[1;34mINFO[m] Deleting /var/lib/jenkins/workspace/multi-membervalidator3_main/inspector-ov/.flattened-pom.xml
[[1;34mINFO[m] 
[[1;34mINFO[m] [1m--- [0;32mmaven-resources-plugin:2.6:resources[m [1m(default-resources)[m @ [36minspector-ov[0;1m ---[m
[[1;34mINFO[m] Using 'UTF-8' encoding to copy filtered resources.
[[1;34mINFO[m] skip non existing resourceDirectory /var/lib/jenkins/workspace/multi-membervalidator3_main/inspector-ov/src/main/resources
[[1;34mINFO[m] 
[[1;34mINFO[m] [1m--- [0;32mflatten-maven-plugin:1.2.7:flatten[m [1m(flatten)[m @ [36minspector-ov[0;1m ---[m
[[1;34mINFO[m] Generating flattened POM of project org.1edtech:inspector-ov:jar:1.0.5...
[[1;34mINFO[m] 
[[1;34mINFO[m] [1m--- [0;32mmaven-compiler-plugin:3.8.1:compile[m [1m(default-compile)[m @ [36minspector-ov[0;1m ---[m
[[1;34mINFO[m] Changes detected - recompiling the module!
[[1;34mINFO[m] Compiling 1 source file to /var/lib/jenkins/workspace/multi-membervalidator3_main/inspector-ov/target/classes
[[1;34mINFO[m] 
[[1;34mINFO[m] [1m--- [0;32mmaven-resources-plugin:2.6:testResources[m [1m(default-testResources)[m @ [36minspector-ov[0;1m ---[m
[[1;34mINFO[m] Not copying test resources
[[1;34mINFO[m] 
[[1;34mINFO[m] [1m--- [0;32mmaven-compiler-plugin:3.8.1:testCompile[m [1m(default-testCompile)[m @ [36minspector-ov[0;1m ---[m
[[1;34mINFO[m] Not compiling test sources
[[1;34mINFO[m] 
[[1;34mINFO[m] [1m--- [0;32mmaven-surefire-plugin:3.0.0-M5:test[m [1m(default-test)[m @ [36minspector-ov[0;1m ---[m
[[1;34mINFO[m] Tests are skipped.
[[1;34mINFO[m] 
[[1;34mINFO[m] [1m--- [0;32mmaven-jar-plugin:2.4:jar[m [1m(default-jar)[m @ [36minspector-ov[0;1m ---[m
[[1;34mINFO[m] Building jar: /var/lib/jenkins/workspace/multi-membervalidator3_main/inspector-ov/target/inspector-ov-1.0.5.jar
[[1;34mINFO[m] 
[[1;34mINFO[m] [1m--- [0;32mmaven-install-plugin:2.4:install[m [1m(default-install)[m @ [36minspector-ov[0;1m ---[m
[[1;34mINFO[m] Installing /var/lib/jenkins/workspace/multi-membervalidator3_main/inspector-ov/target/inspector-ov-1.0.5.jar to /var/lib/jenkins/.m2/repository/org/1edtech/inspector-ov/1.0.5/inspector-ov-1.0.5.jar
[[1;34mINFO[m] Installing /var/lib/jenkins/workspace/multi-membervalidator3_main/inspector-ov/.flattened-pom.xml to /var/lib/jenkins/.m2/repository/org/1edtech/inspector-ov/1.0.5/inspector-ov-1.0.5.pom
[[1;34mINFO[m] 
[[1;34mINFO[m] [1m---------------------< [0;36morg.1edtech:inspector-apip[0;1m >---------------------[m
[[1;34mINFO[m] [1mBuilding inspector-apip 1.0.5                                     [6/10][m
[[1;34mINFO[m] [1m--------------------------------[ jar ]---------------------------------[m
[[1;34mINFO[m] 
[[1;34mINFO[m] [1m--- [0;32mmaven-clean-plugin:2.5:clean[m [1m(default-clean)[m @ [36minspector-apip[0;1m ---[m
[[1;34mINFO[m] Deleting /var/lib/jenkins/workspace/multi-membervalidator3_main/inspector-apip/target
[[1;34mINFO[m] 
[[1;34mINFO[m] [1m--- [0;32mflatten-maven-plugin:1.2.7:clean[m [1m(flatten.clean)[m @ [36minspector-apip[0;1m ---[m
[[1;34mINFO[m] Deleting /var/lib/jenkins/workspace/multi-membervalidator3_main/inspector-apip/.flattened-pom.xml
[[1;34mINFO[m] 
[[1;34mINFO[m] [1m--- [0;32mmaven-resources-plugin:2.6:resources[m [1m(default-resources)[m @ [36minspector-apip[0;1m ---[m
[[1;34mINFO[m] Using 'UTF-8' encoding to copy filtered resources.
[[1;34mINFO[m] skip non existing resourceDirectory /var/lib/jenkins/workspace/multi-membervalidator3_main/inspector-apip/src/main/resources
[[1;34mINFO[m] 
[[1;34mINFO[m] [1m--- [0;32mflatten-maven-plugin:1.2.7:flatten[m [1m(flatten)[m @ [36minspector-apip[0;1m ---[m
[[1;34mINFO[m] Generating flattened POM of project org.1edtech:inspector-apip:jar:1.0.5...
[[1;34mINFO[m] 
[[1;34mINFO[m] [1m--- [0;32mmaven-compiler-plugin:3.8.1:compile[m [1m(default-compile)[m @ [36minspector-apip[0;1m ---[m
[[1;34mINFO[m] Changes detected - recompiling the module!
[[1;34mINFO[m] Compiling 3 source files to /var/lib/jenkins/workspace/multi-membervalidator3_main/inspector-apip/target/classes
[[1;34mINFO[m] /var/lib/jenkins/workspace/multi-membervalidator3_main/inspector-apip/src/main/java/org/oneedtech/inspect/apip/Apip10PnpEntryInspector.java: Some input files use unchecked or unsafe operations.
[[1;34mINFO[m] /var/lib/jenkins/workspace/multi-membervalidator3_main/inspector-apip/src/main/java/org/oneedtech/inspect/apip/Apip10PnpEntryInspector.java: Recompile with -Xlint:unchecked for details.
[[1;34mINFO[m] 
[[1;34mINFO[m] [1m--- [0;32mmaven-resources-plugin:2.6:testResources[m [1m(default-testResources)[m @ [36minspector-apip[0;1m ---[m
[[1;34mINFO[m] Not copying test resources
[[1;34mINFO[m] 
[[1;34mINFO[m] [1m--- [0;32mmaven-compiler-plugin:3.8.1:testCompile[m [1m(default-testCompile)[m @ [36minspector-apip[0;1m ---[m
[[1;34mINFO[m] Not compiling test sources
[[1;34mINFO[m] 
[[1;34mINFO[m] [1m--- [0;32mmaven-surefire-plugin:3.0.0-M5:test[m [1m(default-test)[m @ [36minspector-apip[0;1m ---[m
[[1;34mINFO[m] Tests are skipped.
[[1;34mINFO[m] 
[[1;34mINFO[m] [1m--- [0;32mmaven-jar-plugin:2.4:jar[m [1m(default-jar)[m @ [36minspector-apip[0;1m ---[m
[[1;34mINFO[m] Building jar: /var/lib/jenkins/workspace/multi-membervalidator3_main/inspector-apip/target/inspector-apip-1.0.5.jar
[[1;34mINFO[m] 
[[1;34mINFO[m] [1m--- [0;32mmaven-install-plugin:2.4:install[m [1m(default-install)[m @ [36minspector-apip[0;1m ---[m
[[1;34mINFO[m] Installing /var/lib/jenkins/workspace/multi-membervalidator3_main/inspector-apip/target/inspector-apip-1.0.5.jar to /var/lib/jenkins/.m2/repository/org/1edtech/inspector-apip/1.0.5/inspector-apip-1.0.5.jar
[[1;34mINFO[m] Installing /var/lib/jenkins/workspace/multi-membervalidator3_main/inspector-apip/.flattened-pom.xml to /var/lib/jenkins/.m2/repository/org/1edtech/inspector-apip/1.0.5/inspector-apip-1.0.5.pom
[[1;34mINFO[m] 
[[1;34mINFO[m] [1m---------------------< [0;36morg.1edtech:inspector-afa[0;1m >----------------------[m
[[1;34mINFO[m] [1mBuilding inspector-afa 1.0.5                                      [7/10][m
[[1;34mINFO[m] [1m--------------------------------[ jar ]---------------------------------[m
[[1;34mINFO[m] 
[[1;34mINFO[m] [1m--- [0;32mmaven-clean-plugin:2.5:clean[m [1m(default-clean)[m @ [36minspector-afa[0;1m ---[m
[[1;34mINFO[m] Deleting /var/lib/jenkins/workspace/multi-membervalidator3_main/inspector-afa/target
[[1;34mINFO[m] 
[[1;34mINFO[m] [1m--- [0;32mflatten-maven-plugin:1.2.7:clean[m [1m(flatten.clean)[m @ [36minspector-afa[0;1m ---[m
[[1;34mINFO[m] Deleting /var/lib/jenkins/workspace/multi-membervalidator3_main/inspector-afa/.flattened-pom.xml
[[1;34mINFO[m] 
[[1;34mINFO[m] [1m--- [0;32mmaven-resources-plugin:2.6:resources[m [1m(default-resources)[m @ [36minspector-afa[0;1m ---[m
[[1;34mINFO[m] Using 'UTF-8' encoding to copy filtered resources.
[[1;34mINFO[m] skip non existing resourceDirectory /var/lib/jenkins/workspace/multi-membervalidator3_main/inspector-afa/src/main/resources
[[1;34mINFO[m] 
[[1;34mINFO[m] [1m--- [0;32mflatten-maven-plugin:1.2.7:flatten[m [1m(flatten)[m @ [36minspector-afa[0;1m ---[m
[[1;34mINFO[m] Generating flattened POM of project org.1edtech:inspector-afa:jar:1.0.5...
[[1;34mINFO[m] 
[[1;34mINFO[m] [1m--- [0;32mmaven-compiler-plugin:3.8.1:compile[m [1m(default-compile)[m @ [36minspector-afa[0;1m ---[m
[[1;34mINFO[m] Changes detected - recompiling the module!
[[1;34mINFO[m] Compiling 4 source files to /var/lib/jenkins/workspace/multi-membervalidator3_main/inspector-afa/target/classes
[[1;34mINFO[m] /var/lib/jenkins/workspace/multi-membervalidator3_main/inspector-afa/src/main/java/org/oneedtech/inspect/afa/PnpQti30Inspector.java: Some input files use unchecked or unsafe operations.
[[1;34mINFO[m] /var/lib/jenkins/workspace/multi-membervalidator3_main/inspector-afa/src/main/java/org/oneedtech/inspect/afa/PnpQti30Inspector.java: Recompile with -Xlint:unchecked for details.
[[1;34mINFO[m] 
[[1;34mINFO[m] [1m--- [0;32mmaven-resources-plugin:2.6:testResources[m [1m(default-testResources)[m @ [36minspector-afa[0;1m ---[m
[[1;34mINFO[m] Not copying test resources
[[1;34mINFO[m] 
[[1;34mINFO[m] [1m--- [0;32mmaven-compiler-plugin:3.8.1:testCompile[m [1m(default-testCompile)[m @ [36minspector-afa[0;1m ---[m
[[1;34mINFO[m] Not compiling test sources
[[1;34mINFO[m] 
[[1;34mINFO[m] [1m--- [0;32mmaven-surefire-plugin:3.0.0-M5:test[m [1m(default-test)[m @ [36minspector-afa[0;1m ---[m
[[1;34mINFO[m] Tests are skipped.
[[1;34mINFO[m] 
[[1;34mINFO[m] [1m--- [0;32mmaven-jar-plugin:2.4:jar[m [1m(default-jar)[m @ [36minspector-afa[0;1m ---[m
[[1;34mINFO[m] Building jar: /var/lib/jenkins/workspace/multi-membervalidator3_main/inspector-afa/target/inspector-afa-1.0.5.jar
[[1;34mINFO[m] 
[[1;34mINFO[m] [1m--- [0;32mmaven-install-plugin:2.4:install[m [1m(default-install)[m @ [36minspector-afa[0;1m ---[m
[[1;34mINFO[m] Installing /var/lib/jenkins/workspace/multi-membervalidator3_main/inspector-afa/target/inspector-afa-1.0.5.jar to /var/lib/jenkins/.m2/repository/org/1edtech/inspector-afa/1.0.5/inspector-afa-1.0.5.jar
[[1;34mINFO[m] Installing /var/lib/jenkins/workspace/multi-membervalidator3_main/inspector-afa/.flattened-pom.xml to /var/lib/jenkins/.m2/repository/org/1edtech/inspector-afa/1.0.5/inspector-afa-1.0.5.pom
[[1;34mINFO[m] 
[[1;34mINFO[m] [1m-------------------< [0;36morg.1edtech:inspector-caliper[0;1m >--------------------[m
[[1;34mINFO[m] [1mBuilding inspector-caliper 1.0.5                                  [8/10][m
[[1;34mINFO[m] [1m--------------------------------[ jar ]---------------------------------[m
[[1;34mINFO[m] 
[[1;34mINFO[m] [1m--- [0;32mmaven-clean-plugin:2.5:clean[m [1m(default-clean)[m @ [36minspector-caliper[0;1m ---[m
[[1;34mINFO[m] Deleting /var/lib/jenkins/workspace/multi-membervalidator3_main/inspector-caliper/target
[[1;34mINFO[m] 
[[1;34mINFO[m] [1m--- [0;32mflatten-maven-plugin:1.2.7:clean[m [1m(flatten.clean)[m @ [36minspector-caliper[0;1m ---[m
[[1;34mINFO[m] Deleting /var/lib/jenkins/workspace/multi-membervalidator3_main/inspector-caliper/.flattened-pom.xml
[[1;34mINFO[m] 
[[1;34mINFO[m] [1m--- [0;32mmaven-resources-plugin:2.6:resources[m [1m(default-resources)[m @ [36minspector-caliper[0;1m ---[m
[[1;34mINFO[m] Using 'UTF-8' encoding to copy filtered resources.
[[1;34mINFO[m] skip non existing resourceDirectory /var/lib/jenkins/workspace/multi-membervalidator3_main/inspector-caliper/src/main/resources
[[1;34mINFO[m] 
[[1;34mINFO[m] [1m--- [0;32mflatten-maven-plugin:1.2.7:flatten[m [1m(flatten)[m @ [36minspector-caliper[0;1m ---[m
[[1;34mINFO[m] Generating flattened POM of project org.1edtech:inspector-caliper:jar:1.0.5...
[[1;34mINFO[m] 
[[1;34mINFO[m] [1m--- [0;32mmaven-compiler-plugin:3.8.1:compile[m [1m(default-compile)[m @ [36minspector-caliper[0;1m ---[m
[[1;34mINFO[m] Changes detected - recompiling the module!
[[1;34mINFO[m] Compiling 1 source file to /var/lib/jenkins/workspace/multi-membervalidator3_main/inspector-caliper/target/classes
[[1;34mINFO[m] /var/lib/jenkins/workspace/multi-membervalidator3_main/inspector-caliper/src/main/java/org/oneedtech/inspect/caliper/Caliper12Inspector.java: /var/lib/jenkins/workspace/multi-membervalidator3_main/inspector-caliper/src/main/java/org/oneedtech/inspect/caliper/Caliper12Inspector.java uses unchecked or unsafe operations.
[[1;34mINFO[m] /var/lib/jenkins/workspace/multi-membervalidator3_main/inspector-caliper/src/main/java/org/oneedtech/inspect/caliper/Caliper12Inspector.java: Recompile with -Xlint:unchecked for details.
[[1;34mINFO[m] 
[[1;34mINFO[m] [1m--- [0;32mmaven-resources-plugin:2.6:testResources[m [1m(default-testResources)[m @ [36minspector-caliper[0;1m ---[m
[[1;34mINFO[m] Not copying test resources
[[1;34mINFO[m] 
[[1;34mINFO[m] [1m--- [0;32mmaven-compiler-plugin:3.8.1:testCompile[m [1m(default-testCompile)[m @ [36minspector-caliper[0;1m ---[m
[[1;34mINFO[m] Not compiling test sources
[[1;34mINFO[m] 
[[1;34mINFO[m] [1m--- [0;32mmaven-surefire-plugin:3.0.0-M5:test[m [1m(default-test)[m @ [36minspector-caliper[0;1m ---[m
[[1;34mINFO[m] Tests are skipped.
[[1;34mINFO[m] 
[[1;34mINFO[m] [1m--- [0;32mmaven-jar-plugin:2.4:jar[m [1m(default-jar)[m @ [36minspector-caliper[0;1m ---[m
[[1;34mINFO[m] Building jar: /var/lib/jenkins/workspace/multi-membervalidator3_main/inspector-caliper/target/inspector-caliper-1.0.5.jar
[[1;34mINFO[m] 
[[1;34mINFO[m] [1m--- [0;32mmaven-install-plugin:2.4:install[m [1m(default-install)[m @ [36minspector-caliper[0;1m ---[m
[[1;34mINFO[m] Installing /var/lib/jenkins/workspace/multi-membervalidator3_main/inspector-caliper/target/inspector-caliper-1.0.5.jar to /var/lib/jenkins/.m2/repository/org/1edtech/inspector-caliper/1.0.5/inspector-caliper-1.0.5.jar
[[1;34mINFO[m] Installing /var/lib/jenkins/workspace/multi-membervalidator3_main/inspector-caliper/.flattened-pom.xml to /var/lib/jenkins/.m2/repository/org/1edtech/inspector-caliper/1.0.5/inspector-caliper-1.0.5.pom
[[1;34mINFO[m] 
[[1;34mINFO[m] [1m---------------------< [0;36morg.1edtech:inspector-clr[0;1m >----------------------[m
[[1;34mINFO[m] [1mBuilding inspector-clr 1.0.5                                      [9/10][m
[[1;34mINFO[m] [1m--------------------------------[ jar ]---------------------------------[m
Downloading from 1edtech-public-snapshots: https://nexus.1edtech.net/repository/1edtech-public-snapshot/com/danubetech/verifiable-credentials-java/1.2-SNAPSHOT/maven-metadata.xml
Downloading from ims-snapshots: https://nexus.1edtech.net/repository/ims-snapshot/com/danubetech/verifiable-credentials-java/1.2-SNAPSHOT/maven-metadata.xml
Downloading from 1edtech-public-snapshots: https://nexus.1edtech.net/repository/1edtech-public-snapshot/com/danubetech/key-formats-java/1.8-SNAPSHOT/maven-metadata.xml
Downloading from ims-snapshots: https://nexus.1edtech.net/repository/ims-snapshot/com/danubetech/key-formats-java/1.8-SNAPSHOT/maven-metadata.xml
[[1;34mINFO[m] 
[[1;34mINFO[m] [1m--- [0;32mmaven-clean-plugin:2.5:clean[m [1m(default-clean)[m @ [36minspector-clr[0;1m ---[m
[[1;34mINFO[m] Deleting /var/lib/jenkins/workspace/multi-membervalidator3_main/inspector-clr/target
[[1;34mINFO[m] 
[[1;34mINFO[m] [1m--- [0;32mflatten-maven-plugin:1.2.7:clean[m [1m(flatten.clean)[m @ [36minspector-clr[0;1m ---[m
[[1;34mINFO[m] Deleting /var/lib/jenkins/workspace/multi-membervalidator3_main/inspector-clr/.flattened-pom.xml
[[1;34mINFO[m] 
[[1;34mINFO[m] [1m--- [0;32mmaven-resources-plugin:2.6:resources[m [1m(default-resources)[m @ [36minspector-clr[0;1m ---[m
[[1;34mINFO[m] Using 'UTF-8' encoding to copy filtered resources.
[[1;34mINFO[m] skip non existing resourceDirectory /var/lib/jenkins/workspace/multi-membervalidator3_main/inspector-clr/src/main/resources
[[1;34mINFO[m] 
[[1;34mINFO[m] [1m--- [0;32mflatten-maven-plugin:1.2.7:flatten[m [1m(flatten)[m @ [36minspector-clr[0;1m ---[m
[[1;34mINFO[m] Generating flattened POM of project org.1edtech:inspector-clr:jar:1.0.5...
[[1;34mINFO[m] 
[[1;34mINFO[m] [1m--- [0;32mmaven-compiler-plugin:3.8.1:compile[m [1m(default-compile)[m @ [36minspector-clr[0;1m ---[m
[[1;34mINFO[m] Changes detected - recompiling the module!
[[1;34mINFO[m] Compiling 2 source files to /var/lib/jenkins/workspace/multi-membervalidator3_main/inspector-clr/target/classes
[[1;34mINFO[m] /var/lib/jenkins/workspace/multi-membervalidator3_main/inspector-clr/src/main/java/org/oneedtech/inspect/clr/CLR20Inspector.java: /var/lib/jenkins/workspace/multi-membervalidator3_main/inspector-clr/src/main/java/org/oneedtech/inspect/clr/CLR20Inspector.java uses unchecked or unsafe operations.
[[1;34mINFO[m] /var/lib/jenkins/workspace/multi-membervalidator3_main/inspector-clr/src/main/java/org/oneedtech/inspect/clr/CLR20Inspector.java: Recompile with -Xlint:unchecked for details.
[[1;34mINFO[m] 
[[1;34mINFO[m] [1m--- [0;32mmaven-resources-plugin:2.6:testResources[m [1m(default-testResources)[m @ [36minspector-clr[0;1m ---[m
[[1;34mINFO[m] Not copying test resources
[[1;34mINFO[m] 
[[1;34mINFO[m] [1m--- [0;32mmaven-compiler-plugin:3.8.1:testCompile[m [1m(default-testCompile)[m @ [36minspector-clr[0;1m ---[m
[[1;34mINFO[m] Not compiling test sources
[[1;34mINFO[m] 
[[1;34mINFO[m] [1m--- [0;32mmaven-surefire-plugin:3.0.0-M5:test[m [1m(default-test)[m @ [36minspector-clr[0;1m ---[m
[[1;34mINFO[m] Tests are skipped.
[[1;34mINFO[m] 
[[1;34mINFO[m] [1m--- [0;32mmaven-jar-plugin:2.4:jar[m [1m(default-jar)[m @ [36minspector-clr[0;1m ---[m
[[1;34mINFO[m] Building jar: /var/lib/jenkins/workspace/multi-membervalidator3_main/inspector-clr/target/inspector-clr-1.0.5.jar
[[1;34mINFO[m] 
[[1;34mINFO[m] [1m--- [0;32mmaven-install-plugin:2.4:install[m [1m(default-install)[m @ [36minspector-clr[0;1m ---[m
[[1;34mINFO[m] Installing /var/lib/jenkins/workspace/multi-membervalidator3_main/inspector-clr/target/inspector-clr-1.0.5.jar to /var/lib/jenkins/.m2/repository/org/1edtech/inspector-clr/1.0.5/inspector-clr-1.0.5.jar
[[1;34mINFO[m] Installing /var/lib/jenkins/workspace/multi-membervalidator3_main/inspector-clr/.flattened-pom.xml to /var/lib/jenkins/.m2/repository/org/1edtech/inspector-clr/1.0.5/inspector-clr-1.0.5.pom
[[1;34mINFO[m] 
[[1;34mINFO[m] [1m---------------------< [0;36morg.1edtech:inspector-web[0;1m >----------------------[m
[[1;34mINFO[m] [1mBuilding inspector-web 1.0.5                                     [10/10][m
[[1;34mINFO[m] [1m--------------------------------[ jar ]---------------------------------[m
Downloading from ims-snapshots: https://nexus.1edtech.net/repository/ims-snapshot/org/webjars/npm/follow-redirects/maven-metadata.xml
Downloading from 1edtech-public-release: https://nexus.1edtech.net/repository/1edtech-public-release/org/webjars/npm/follow-redirects/maven-metadata.xml
Downloading from ims-releases: https://nexus.1edtech.net/repository/ims-release/org/webjars/npm/follow-redirects/maven-metadata.xml
Downloading from 1edtech-public-snapshots: https://nexus.1edtech.net/repository/1edtech-public-snapshot/org/webjars/npm/follow-redirects/maven-metadata.xml
Downloading from ims-snapshots: https://nexus.1edtech.net/repository/ims-snapshot/org/webjars/npm/debug/maven-metadata.xml
Downloading from ims-releases: https://nexus.1edtech.net/repository/ims-release/org/webjars/npm/debug/maven-metadata.xml
Downloading from 1edtech-public-snapshots: https://nexus.1edtech.net/repository/1edtech-public-snapshot/org/webjars/npm/debug/maven-metadata.xml
Downloading from 1edtech-public-release: https://nexus.1edtech.net/repository/1edtech-public-release/org/webjars/npm/debug/maven-metadata.xml
Downloading from ims-snapshots: https://nexus.1edtech.net/repository/ims-snapshot/org/webjars/npm/ms/maven-metadata.xml
Downloading from ims-releases: https://nexus.1edtech.net/repository/ims-release/org/webjars/npm/ms/maven-metadata.xml
Downloading from 1edtech-public-release: https://nexus.1edtech.net/repository/1edtech-public-release/org/webjars/npm/ms/maven-metadata.xml
Downloading from 1edtech-public-snapshots: https://nexus.1edtech.net/repository/1edtech-public-snapshot/org/webjars/npm/ms/maven-metadata.xml
[[1;34mINFO[m] 
[[1;34mINFO[m] [1m--- [0;32mmaven-clean-plugin:2.5:clean[m [1m(default-clean)[m @ [36minspector-web[0;1m ---[m
[[1;34mINFO[m] Deleting /var/lib/jenkins/workspace/multi-membervalidator3_main/inspector-web/target
[[1;34mINFO[m] 
[[1;34mINFO[m] [1m--- [0;32mflatten-maven-plugin:1.2.7:clean[m [1m(flatten.clean)[m @ [36minspector-web[0;1m ---[m
[[1;34mINFO[m] Deleting /var/lib/jenkins/workspace/multi-membervalidator3_main/inspector-web/.flattened-pom.xml
[[1;34mINFO[m] 
[[1;34mINFO[m] [1m--- [0;32mmaven-resources-plugin:2.6:resources[m [1m(default-resources)[m @ [36minspector-web[0;1m ---[m
[[1;34mINFO[m] Using 'UTF-8' encoding to copy filtered resources.
[[1;34mINFO[m] Copying 28 resources
[[1;34mINFO[m] 
[[1;34mINFO[m] [1m--- [0;32mflatten-maven-plugin:1.2.7:flatten[m [1m(flatten)[m @ [36minspector-web[0;1m ---[m
[[1;34mINFO[m] Generating flattened POM of project org.1edtech:inspector-web:jar:1.0.5...
[[1;34mINFO[m] 
[[1;34mINFO[m] [1m--- [0;32mmaven-compiler-plugin:3.8.1:compile[m [1m(default-compile)[m @ [36minspector-web[0;1m ---[m
[[1;34mINFO[m] Changes detected - recompiling the module!
[[1;34mINFO[m] Compiling 18 source files to /var/lib/jenkins/workspace/multi-membervalidator3_main/inspector-web/target/classes
[[1;34mINFO[m] 
[[1;34mINFO[m] [1m--- [0;32mmaven-resources-plugin:2.6:testResources[m [1m(default-testResources)[m @ [36minspector-web[0;1m ---[m
[[1;34mINFO[m] Not copying test resources
[[1;34mINFO[m] 
[[1;34mINFO[m] [1m--- [0;32mmaven-compiler-plugin:3.8.1:testCompile[m [1m(default-testCompile)[m @ [36minspector-web[0;1m ---[m
[[1;34mINFO[m] Not compiling test sources
[[1;34mINFO[m] 
[[1;34mINFO[m] [1m--- [0;32mmaven-surefire-plugin:3.0.0-M5:test[m [1m(default-test)[m @ [36minspector-web[0;1m ---[m
[[1;34mINFO[m] Tests are skipped.
[[1;34mINFO[m] 
[[1;34mINFO[m] [1m--- [0;32mmaven-jar-plugin:2.4:jar[m [1m(default-jar)[m @ [36minspector-web[0;1m ---[m
[[1;34mINFO[m] Building jar: /var/lib/jenkins/workspace/multi-membervalidator3_main/inspector-web/target/inspector-web-1.0.5.jar
[[1;34mINFO[m] 
[[1;34mINFO[m] [1m--- [0;32mspring-boot-maven-plugin:2.6.7:repackage[m [1m(default)[m @ [36minspector-web[0;1m ---[m
[[1;34mINFO[m] Replacing main artifact with repackaged archive
[[1;34mINFO[m] 
[[1;34mINFO[m] [1m--- [0;32mmaven-install-plugin:2.4:install[m [1m(default-install)[m @ [36minspector-web[0;1m ---[m
[[1;34mINFO[m] Installing /var/lib/jenkins/workspace/multi-membervalidator3_main/inspector-web/target/inspector-web-1.0.5.jar to /var/lib/jenkins/.m2/repository/org/1edtech/inspector-web/1.0.5/inspector-web-1.0.5.jar
[[1;34mINFO[m] Installing /var/lib/jenkins/workspace/multi-membervalidator3_main/inspector-web/.flattened-pom.xml to /var/lib/jenkins/.m2/repository/org/1edtech/inspector-web/1.0.5/inspector-web-1.0.5.pom
[[1;34mINFO[m] [1m------------------------------------------------------------------------[m
[[1;34mINFO[m] [1mReactor Summary for inspector 1.0.5:[m
[[1;34mINFO[m] 
[[1;34mINFO[m] inspector .......................................... [1;32mSUCCESS[m [  1.618 s]
[[1;34mINFO[m] inspector-qti ...................................... [1;32mSUCCESS[m [  3.619 s]
[[1;34mINFO[m] inspector-or ....................................... [1;32mSUCCESS[m [  0.204 s]
[[1;34mINFO[m] inspector-cc ....................................... [1;32mSUCCESS[m [  0.353 s]
[[1;34mINFO[m] inspector-ov ....................................... [1;32mSUCCESS[m [  0.206 s]
[[1;34mINFO[m] inspector-apip ..................................... [1;32mSUCCESS[m [  0.210 s]
[[1;34mINFO[m] inspector-afa ...................................... [1;32mSUCCESS[m [  0.179 s]
[[1;34mINFO[m] inspector-caliper .................................. [1;32mSUCCESS[m [  0.152 s]
[[1;34mINFO[m] inspector-clr ...................................... [1;32mSUCCESS[m [  1.301 s]
[[1;34mINFO[m] inspector-web ...................................... [1;32mSUCCESS[m [  2.124 s]
[[1;34mINFO[m] [1m------------------------------------------------------------------------[m
[[1;34mINFO[m] [1;32mBUILD SUCCESS[m
[[1;34mINFO[m] [1m------------------------------------------------------------------------[m
[[1;34mINFO[m] Total time:  10.533 s
[[1;34mINFO[m] Finished at: 2024-11-19T21:26:48Z
[[1;34mINFO[m] [1m------------------------------------------------------------------------[m
[Pipeline] sh
+ cp -pr /var/lib/jenkins/workspace/multi-membervalidator3_main/inspector-web/target/inspector-web-1.0.5.jar /var/lib/jenkins/workspace/multi-membervalidator3_main
[Pipeline] sh
+ export JENKINS_NODE_COOKIE=dontKillMe
+ /usr/bin/java -jar -Dserver.port=8081 /var/lib/jenkins/workspace/multi-membervalidator3_main/inspector-web-1.0.5.jar
[Pipeline] }
[Pipeline] // withEnv
[Pipeline] }
[Pipeline] // stage
[Pipeline] stage
[Pipeline] { (Develop branch)
Stage "Develop branch" skipped due to when conditional
[Pipeline] getContext
[Pipeline] }
[Pipeline] // stage
[Pipeline] stage
[Pipeline] { (Declarative: Post Actions)
[Pipeline] slackSend
Slack Send Pipeline step running, values are - baseUrl: <empty>, teamDomain: 1edTech, channel: #jenkins, color: good, botUser: false, tokenCredentialId: slack-secret, notifyCommitters: false, iconEmoji: <empty>, username: <empty>, timestamp: <empty>
[Pipeline] }
[Pipeline] // stage
[Pipeline] }
[Pipeline] // withEnv
[Pipeline] }
[Pipeline] // withEnv
[Pipeline] }
[Pipeline] // node
[Pipeline] End of Pipeline
Finished: SUCCESS
